[ 2017-06-10T00:05:08+08:00 ] ::1 /educate/index.php/Admin/Index/index.html
INFO: [ app_init ] --START--
INFO: Run Behavior\BuildLiteBehavior [ RunTime:0.000014s ]
INFO: [ app_init ] --END-- [ RunTime:0.000378s ]
INFO: [ app_begin ] --START--
INFO: Run Behavior\ReadHtmlCacheBehavior [ RunTime:0.000837s ]
INFO: [ app_begin ] --END-- [ RunTime:0.000984s ]
INFO: [ view_parse ] --START--
INFO: [ template_filter ] --START--
INFO: Run Behavior\ContentReplaceBehavior [ RunTime:0.000060s ]
INFO: [ template_filter ] --END-- [ RunTime:0.000104s ]
SQL: SHOW COLUMNS FROM `tadm_information` [ RunTime:0.0051s ]
SQL: SELECT `adm_permission` FROM `tadm_information` WHERE `adm_name` = 'test' LIMIT 1   [ RunTime:0.0003s ]
SQL: SELECT `adm_permission` FROM `tadm_information` WHERE `adm_name` = 'test' LIMIT 1   [ RunTime:0.0003s ]
INFO: Run Behavior\ParseTemplateBehavior [ RunTime:0.019454s ]
INFO: [ view_parse ] --END-- [ RunTime:0.019507s ]
INFO: [ view_filter ] --START--
INFO: Run Behavior\WriteHtmlCacheBehavior [ RunTime:0.000216s ]
INFO: [ view_filter ] --END-- [ RunTime:0.000253s ]
INFO: [ app_end ] --START--
INFO: Run Behavior\ShowPageTraceBehavior [ RunTime:0.000421s ]
INFO: [ app_end ] --END-- [ RunTime:0.000452s ]

[ 2017-06-10T09:29:37+08:00 ] 192.168.43.117 /educate/index.php/admin/login/login.html
INFO: [ app_init ] --START--
INFO: Run Behavior\BuildLiteBehavior [ RunTime:0.000019s ]
INFO: [ app_init ] --END-- [ RunTime:0.000356s ]
INFO: [ app_begin ] --START--
INFO: Run Behavior\ReadHtmlCacheBehavior [ RunTime:0.000472s ]
INFO: [ app_begin ] --END-- [ RunTime:0.000541s ]
INFO: [ view_parse ] --START--
INFO: [ template_filter ] --START--
INFO: Run Behavior\ContentReplaceBehavior [ RunTime:0.000067s ]
INFO: [ template_filter ] --END-- [ RunTime:0.000114s ]
INFO: Run Behavior\ParseTemplateBehavior [ RunTime:0.006055s ]
INFO: [ view_parse ] --END-- [ RunTime:0.006111s ]
INFO: [ view_filter ] --START--
INFO: Run Behavior\WriteHtmlCacheBehavior [ RunTime:0.000140s ]
INFO: [ view_filter ] --END-- [ RunTime:0.000169s ]
INFO: [ app_end ] --START--
INFO: Run Behavior\ShowPageTraceBehavior [ RunTime:0.000457s ]
INFO: [ app_end ] --END-- [ RunTime:0.000489s ]

[ 2017-06-10T09:30:19+08:00 ] 192.168.43.117 /educate/index.php/Admin/Login/login.html
INFO: [ app_init ] --START--
INFO: Run Behavior\BuildLiteBehavior [ RunTime:0.000014s ]
INFO: [ app_init ] --END-- [ RunTime:0.000423s ]
INFO: [ app_begin ] --START--
INFO: Run Behavior\ReadHtmlCacheBehavior [ RunTime:0.000436s ]
INFO: [ app_begin ] --END-- [ RunTime:0.000491s ]
SQL: SHOW COLUMNS FROM `tadm_information` [ RunTime:0.0029s ]
SQL: SELECT COUNT(*) AS tp_count FROM `tadm_information` WHERE `adm_name` = 'test' LIMIT 1   [ RunTime:0.0005s ]
SQL: SELECT `adm_password` FROM `tadm_information` WHERE `adm_name` = 'test' LIMIT 1   [ RunTime:0.0005s ]
INFO: [ view_parse ] --START--
INFO: [ template_filter ] --START--
INFO: Run Behavior\ContentReplaceBehavior [ RunTime:0.000039s ]
INFO: [ template_filter ] --END-- [ RunTime:0.000083s ]
INFO: Run Behavior\ParseTemplateBehavior [ RunTime:0.005201s ]
INFO: [ view_parse ] --END-- [ RunTime:0.005249s ]
INFO: [ view_filter ] --START--
INFO: Run Behavior\WriteHtmlCacheBehavior [ RunTime:0.000142s ]
INFO: [ view_filter ] --END-- [ RunTime:0.000170s ]
INFO: [ app_end ] --START--
INFO: Run Behavior\ShowPageTraceBehavior [ RunTime:0.000492s ]
INFO: [ app_end ] --END-- [ RunTime:0.000525s ]

[ 2017-06-10T09:30:20+08:00 ] 192.168.43.117 /educate/index.php/Admin/Index/index.html
INFO: [ app_init ] --START--
INFO: Run Behavior\BuildLiteBehavior [ RunTime:0.000010s ]
INFO: [ app_init ] --END-- [ RunTime:0.000267s ]
INFO: [ app_begin ] --START--
INFO: Run Behavior\ReadHtmlCacheBehavior [ RunTime:0.000340s ]
INFO: [ app_begin ] --END-- [ RunTime:0.000373s ]
INFO: [ view_parse ] --START--
INFO: [ template_filter ] --START--
INFO: Run Behavior\ContentReplaceBehavior [ RunTime:0.000059s ]
INFO: [ template_filter ] --END-- [ RunTime:0.000102s ]
SQL: SHOW COLUMNS FROM `tadm_information` [ RunTime:0.0019s ]
SQL: SELECT `adm_permission` FROM `tadm_information` WHERE `adm_name` = 'test' LIMIT 1   [ RunTime:0.0003s ]
SQL: SELECT `adm_permission` FROM `tadm_information` WHERE `adm_name` = 'test' LIMIT 1   [ RunTime:0.0003s ]
INFO: Run Behavior\ParseTemplateBehavior [ RunTime:0.015229s ]
INFO: [ view_parse ] --END-- [ RunTime:0.015273s ]
INFO: [ view_filter ] --START--
INFO: Run Behavior\WriteHtmlCacheBehavior [ RunTime:0.000160s ]
INFO: [ view_filter ] --END-- [ RunTime:0.000189s ]
INFO: [ app_end ] --START--
INFO: Run Behavior\ShowPageTraceBehavior [ RunTime:0.000397s ]
INFO: [ app_end ] --END-- [ RunTime:0.000428s ]

[ 2017-06-10T09:30:20+08:00 ] 192.168.43.117 /educate/index.php/Admin/Index/welcome1.html
INFO: [ app_init ] --START--
INFO: Run Behavior\BuildLiteBehavior [ RunTime:0.000010s ]
INFO: [ app_init ] --END-- [ RunTime:0.000265s ]
INFO: [ app_begin ] --START--
INFO: Run Behavior\ReadHtmlCacheBehavior [ RunTime:0.000340s ]
INFO: [ app_begin ] --END-- [ RunTime:0.000373s ]
INFO: [ view_parse ] --START--
INFO: [ template_filter ] --START--
INFO: Run Behavior\ContentReplaceBehavior [ RunTime:0.000027s ]
INFO: [ template_filter ] --END-- [ RunTime:0.000077s ]
INFO: Run Behavior\ParseTemplateBehavior [ RunTime:0.004464s ]
INFO: [ view_parse ] --END-- [ RunTime:0.004553s ]
INFO: [ view_filter ] --START--
INFO: Run Behavior\WriteHtmlCacheBehavior [ RunTime:0.000129s ]
INFO: [ view_filter ] --END-- [ RunTime:0.000158s ]
INFO: [ app_end ] --START--
INFO: Run Behavior\ShowPageTraceBehavior [ RunTime:0.000412s ]
INFO: [ app_end ] --END-- [ RunTime:0.000445s ]

[ 2017-06-10T09:30:53+08:00 ] 192.168.43.117 /educate/index.php/Admin/system/set_course.html
INFO: [ app_init ] --START--
INFO: Run Behavior\BuildLiteBehavior [ RunTime:0.000010s ]
INFO: [ app_init ] --END-- [ RunTime:0.000304s ]
INFO: [ app_begin ] --START--
INFO: Run Behavior\ReadHtmlCacheBehavior [ RunTime:0.000363s ]
INFO: [ app_begin ] --END-- [ RunTime:0.000400s ]
SQL: SHOW COLUMNS FROM `tcou_information` [ RunTime:0.0028s ]
NOTIC: [8] Undefined index: value /Applications/MAMP/htdocs/educate/App/Admin/Controller/SystemController.class.php 第 15 行.
NOTIC: [8] Undefined variable: condition /Applications/MAMP/htdocs/educate/App/Admin/Controller/SystemController.class.php 第 16 行.
NOTIC: [8] Undefined variable: _map /Applications/MAMP/htdocs/educate/App/Admin/Controller/BaseController.class.php 第 64 行.
SQL: SELECT COUNT(*) AS tp_count FROM `tcou_information` left join ttea_information ON ttea_information.tea_idnum = tcou_information.tea_idnum left join tcou_classification ON tcou_classification.cou_code = tcou_information.cou_code  LIMIT 1   [ RunTime:0.0006s ]
NOTIC: [8] Undefined variable: _map /Applications/MAMP/htdocs/educate/App/Admin/Controller/BaseController.class.php 第 83 行.
SQL: SELECT `cou_number`,`cou_place`,`cou_time`,`cou_name`,`cou_term`,`cou_total`,`cou_flag`,`tea_name` FROM `tcou_information` left join ttea_information ON ttea_information.tea_idnum = tcou_information.tea_idnum left join tcou_classification ON tcou_classification.cou_code = tcou_information.cou_code  ORDER BY cou_flag LIMIT 0,10   [ RunTime:0.0006s ]
INFO: [ view_parse ] --START--
INFO: [ template_filter ] --START--
INFO: Run Behavior\ContentReplaceBehavior [ RunTime:0.000058s ]
INFO: [ template_filter ] --END-- [ RunTime:0.000101s ]
NOTIC: [8] Undefined variable: value /Applications/MAMP/htdocs/educate/Runtime/Cache/Admin/f15b1950463c5b42154a86006ae3b693.php 第 44 行.
INFO: Run Behavior\ParseTemplateBehavior [ RunTime:0.006118s ]
INFO: [ view_parse ] --END-- [ RunTime:0.006159s ]
INFO: [ view_filter ] --START--
INFO: Run Behavior\WriteHtmlCacheBehavior [ RunTime:0.000173s ]
INFO: [ view_filter ] --END-- [ RunTime:0.000202s ]
INFO: [ app_end ] --START--
INFO: Run Behavior\ShowPageTraceBehavior [ RunTime:0.000477s ]
INFO: [ app_end ] --END-- [ RunTime:0.000509s ]

[ 2017-06-10T09:30:58+08:00 ] 192.168.43.117 /educate/index.php/Admin/System/set_course/p/2.html
INFO: [ app_init ] --START--
INFO: Run Behavior\BuildLiteBehavior [ RunTime:0.000010s ]
INFO: [ app_init ] --END-- [ RunTime:0.000276s ]
INFO: [ app_begin ] --START--
INFO: Run Behavior\ReadHtmlCacheBehavior [ RunTime:0.000358s ]
INFO: [ app_begin ] --END-- [ RunTime:0.000396s ]
SQL: SHOW COLUMNS FROM `tcou_information` [ RunTime:0.0030s ]
NOTIC: [8] Undefined index: value /Applications/MAMP/htdocs/educate/App/Admin/Controller/SystemController.class.php 第 15 行.
NOTIC: [8] Undefined variable: condition /Applications/MAMP/htdocs/educate/App/Admin/Controller/SystemController.class.php 第 16 行.
NOTIC: [8] Undefined variable: _map /Applications/MAMP/htdocs/educate/App/Admin/Controller/BaseController.class.php 第 64 行.
SQL: SELECT COUNT(*) AS tp_count FROM `tcou_information` left join ttea_information ON ttea_information.tea_idnum = tcou_information.tea_idnum left join tcou_classification ON tcou_classification.cou_code = tcou_information.cou_code  LIMIT 1   [ RunTime:0.0004s ]
NOTIC: [8] Undefined variable: _map /Applications/MAMP/htdocs/educate/App/Admin/Controller/BaseController.class.php 第 83 行.
SQL: SELECT `cou_number`,`cou_place`,`cou_time`,`cou_name`,`cou_term`,`cou_total`,`cou_flag`,`tea_name` FROM `tcou_information` left join ttea_information ON ttea_information.tea_idnum = tcou_information.tea_idnum left join tcou_classification ON tcou_classification.cou_code = tcou_information.cou_code  ORDER BY cou_flag LIMIT 10,10   [ RunTime:0.0006s ]
INFO: [ view_parse ] --START--
INFO: [ template_filter ] --START--
INFO: Run Behavior\ContentReplaceBehavior [ RunTime:0.000053s ]
INFO: [ template_filter ] --END-- [ RunTime:0.000091s ]
NOTIC: [8] Undefined variable: value /Applications/MAMP/htdocs/educate/Runtime/Cache/Admin/f15b1950463c5b42154a86006ae3b693.php 第 44 行.
INFO: Run Behavior\ParseTemplateBehavior [ RunTime:0.004856s ]
INFO: [ view_parse ] --END-- [ RunTime:0.004888s ]
INFO: [ view_filter ] --START--
INFO: Run Behavior\WriteHtmlCacheBehavior [ RunTime:0.000134s ]
INFO: [ view_filter ] --END-- [ RunTime:0.000160s ]
INFO: [ app_end ] --START--
INFO: Run Behavior\ShowPageTraceBehavior [ RunTime:0.000403s ]
INFO: [ app_end ] --END-- [ RunTime:0.000433s ]

[ 2017-06-10T09:31:03+08:00 ] 192.168.43.117 /educate/index.php/Admin/System/set_course/p/1.html
INFO: [ app_init ] --START--
INFO: Run Behavior\BuildLiteBehavior [ RunTime:0.000011s ]
INFO: [ app_init ] --END-- [ RunTime:0.000301s ]
INFO: [ app_begin ] --START--
INFO: Run Behavior\ReadHtmlCacheBehavior [ RunTime:0.000362s ]
INFO: [ app_begin ] --END-- [ RunTime:0.000397s ]
SQL: SHOW COLUMNS FROM `tcou_information` [ RunTime:0.0023s ]
NOTIC: [8] Undefined index: value /Applications/MAMP/htdocs/educate/App/Admin/Controller/SystemController.class.php 第 15 行.
NOTIC: [8] Undefined variable: condition /Applications/MAMP/htdocs/educate/App/Admin/Controller/SystemController.class.php 第 16 行.
NOTIC: [8] Undefined variable: _map /Applications/MAMP/htdocs/educate/App/Admin/Controller/BaseController.class.php 第 64 行.
SQL: SELECT COUNT(*) AS tp_count FROM `tcou_information` left join ttea_information ON ttea_information.tea_idnum = tcou_information.tea_idnum left join tcou_classification ON tcou_classification.cou_code = tcou_information.cou_code  LIMIT 1   [ RunTime:0.0004s ]
NOTIC: [8] Undefined variable: _map /Applications/MAMP/htdocs/educate/App/Admin/Controller/BaseController.class.php 第 83 行.
SQL: SELECT `cou_number`,`cou_place`,`cou_time`,`cou_name`,`cou_term`,`cou_total`,`cou_flag`,`tea_name` FROM `tcou_information` left join ttea_information ON ttea_information.tea_idnum = tcou_information.tea_idnum left join tcou_classification ON tcou_classification.cou_code = tcou_information.cou_code  ORDER BY cou_flag LIMIT 0,10   [ RunTime:0.0009s ]
INFO: [ view_parse ] --START--
INFO: [ template_filter ] --START--
INFO: Run Behavior\ContentReplaceBehavior [ RunTime:0.000054s ]
INFO: [ template_filter ] --END-- [ RunTime:0.000093s ]
NOTIC: [8] Undefined variable: value /Applications/MAMP/htdocs/educate/Runtime/Cache/Admin/f15b1950463c5b42154a86006ae3b693.php 第 44 行.
INFO: Run Behavior\ParseTemplateBehavior [ RunTime:0.004987s ]
INFO: [ view_parse ] --END-- [ RunTime:0.005022s ]
INFO: [ view_filter ] --START--
INFO: Run Behavior\WriteHtmlCacheBehavior [ RunTime:0.000134s ]
INFO: [ view_filter ] --END-- [ RunTime:0.000160s ]
INFO: [ app_end ] --START--
INFO: Run Behavior\ShowPageTraceBehavior [ RunTime:0.000403s ]
INFO: [ app_end ] --END-- [ RunTime:0.000433s ]

[ 2017-06-10T11:27:31+08:00 ] 192.168.43.117 /educate/index.php/admin/login/login.html
INFO: [ app_init ] --START--
INFO: Run Behavior\BuildLiteBehavior [ RunTime:0.000018s ]
INFO: [ app_init ] --END-- [ RunTime:0.000442s ]
INFO: [ app_begin ] --START--
INFO: Run Behavior\ReadHtmlCacheBehavior [ RunTime:0.000407s ]
INFO: [ app_begin ] --END-- [ RunTime:0.000452s ]
INFO: [ view_parse ] --START--
INFO: [ template_filter ] --START--
INFO: Run Behavior\ContentReplaceBehavior [ RunTime:0.000038s ]
INFO: [ template_filter ] --END-- [ RunTime:0.000080s ]
INFO: Run Behavior\ParseTemplateBehavior [ RunTime:0.003998s ]
INFO: [ view_parse ] --END-- [ RunTime:0.004035s ]
INFO: [ view_filter ] --START--
INFO: Run Behavior\WriteHtmlCacheBehavior [ RunTime:0.000124s ]
INFO: [ view_filter ] --END-- [ RunTime:0.000151s ]
INFO: [ app_end ] --START--
INFO: Run Behavior\ShowPageTraceBehavior [ RunTime:0.000398s ]
INFO: [ app_end ] --END-- [ RunTime:0.000429s ]

[ 2017-06-10T11:27:32+08:00 ] 192.168.43.117 /educate/index.php/Admin/Index/index.html
INFO: [ app_init ] --START--
INFO: Run Behavior\BuildLiteBehavior [ RunTime:0.000010s ]
INFO: [ app_init ] --END-- [ RunTime:0.000260s ]
INFO: [ app_begin ] --START--
INFO: Run Behavior\ReadHtmlCacheBehavior [ RunTime:0.000344s ]
INFO: [ app_begin ] --END-- [ RunTime:0.000378s ]
INFO: [ view_parse ] --START--
INFO: [ template_filter ] --START--
INFO: Run Behavior\ContentReplaceBehavior [ RunTime:0.000057s ]
INFO: [ template_filter ] --END-- [ RunTime:0.000096s ]
SQL: SHOW COLUMNS FROM `tadm_information` [ RunTime:0.0012s ]
SQL: SELECT `adm_permission` FROM `tadm_information` WHERE `adm_name` = 'test' LIMIT 1   [ RunTime:0.0003s ]
SQL: SELECT `adm_permission` FROM `tadm_information` WHERE `adm_name` = 'test' LIMIT 1   [ RunTime:0.0004s ]
INFO: Run Behavior\ParseTemplateBehavior [ RunTime:0.015511s ]
INFO: [ view_parse ] --END-- [ RunTime:0.015547s ]
INFO: [ view_filter ] --START--
INFO: Run Behavior\WriteHtmlCacheBehavior [ RunTime:0.000233s ]
INFO: [ view_filter ] --END-- [ RunTime:0.000282s ]
INFO: [ app_end ] --START--
INFO: Run Behavior\ShowPageTraceBehavior [ RunTime:0.000688s ]
INFO: [ app_end ] --END-- [ RunTime:0.000764s ]

[ 2017-06-10T11:27:35+08:00 ] 192.168.43.117 /educate/index.php/Admin/Index/welcome1.html
INFO: [ app_init ] --START--
INFO: Run Behavior\BuildLiteBehavior [ RunTime:0.000011s ]
INFO: [ app_init ] --END-- [ RunTime:0.000269s ]
INFO: [ app_begin ] --START--
INFO: Run Behavior\ReadHtmlCacheBehavior [ RunTime:0.000408s ]
INFO: [ app_begin ] --END-- [ RunTime:0.000454s ]
INFO: [ view_parse ] --START--
INFO: [ template_filter ] --START--
INFO: Run Behavior\ContentReplaceBehavior [ RunTime:0.000027s ]
INFO: [ template_filter ] --END-- [ RunTime:0.000072s ]
INFO: Run Behavior\ParseTemplateBehavior [ RunTime:0.003776s ]
INFO: [ view_parse ] --END-- [ RunTime:0.003816s ]
INFO: [ view_filter ] --START--
INFO: Run Behavior\WriteHtmlCacheBehavior [ RunTime:0.000125s ]
INFO: [ view_filter ] --END-- [ RunTime:0.000152s ]
INFO: [ app_end ] --START--
INFO: Run Behavior\ShowPageTraceBehavior [ RunTime:0.000396s ]
INFO: [ app_end ] --END-- [ RunTime:0.000428s ]

[ 2017-06-10T11:43:09+08:00 ] 192.168.43.117 /educate/index.php/Admin/Adm/searchUser.html
INFO: [ app_init ] --START--
INFO: Run Behavior\BuildLiteBehavior [ RunTime:0.000011s ]
INFO: [ app_init ] --END-- [ RunTime:0.000281s ]
INFO: [ app_begin ] --START--
INFO: Run Behavior\ReadHtmlCacheBehavior [ RunTime:0.000369s ]
INFO: [ app_begin ] --END-- [ RunTime:0.000406s ]
SQL: SHOW COLUMNS FROM `tadm_information` [ RunTime:0.0015s ]
SQL: SELECT `adm_permission` FROM `tadm_information` WHERE `adm_name` = 'test' LIMIT 1   [ RunTime:0.0003s ]
NOTIC: [8] Undefined variable: condition /Applications/MAMP/htdocs/educate/App/Admin/Controller/AdmController.class.php 第 55 行.
NOTIC: [8] Undefined variable: _map /Applications/MAMP/htdocs/educate/App/Admin/Controller/BaseController.class.php 第 64 行.
SQL: SELECT COUNT(*) AS tp_count FROM `tadm_information` LIMIT 1   [ RunTime:0.0002s ]
NOTIC: [8] Undefined variable: _map /Applications/MAMP/htdocs/educate/App/Admin/Controller/BaseController.class.php 第 83 行.
SQL: SELECT `adm_name`,`adm_permission`,`adm_contact` FROM `tadm_information` ORDER BY adm_name LIMIT 0,10   [ RunTime:0.0003s ]
INFO: [ view_parse ] --START--
INFO: [ template_filter ] --START--
INFO: Run Behavior\ContentReplaceBehavior [ RunTime:0.000049s ]
INFO: [ template_filter ] --END-- [ RunTime:0.000091s ]
INFO: Run Behavior\ParseTemplateBehavior [ RunTime:0.005379s ]
INFO: [ view_parse ] --END-- [ RunTime:0.005416s ]
INFO: [ view_filter ] --START--
INFO: Run Behavior\WriteHtmlCacheBehavior [ RunTime:0.000216s ]
INFO: [ view_filter ] --END-- [ RunTime:0.000263s ]
INFO: [ app_end ] --START--
INFO: Run Behavior\ShowPageTraceBehavior [ RunTime:0.000668s ]
INFO: [ app_end ] --END-- [ RunTime:0.000742s ]

[ 2017-06-10T11:43:13+08:00 ] 192.168.43.117 /educate/index.php/Admin/Adm/showPersonInfo.html
INFO: [ app_init ] --START--
INFO: Run Behavior\BuildLiteBehavior [ RunTime:0.000011s ]
INFO: [ app_init ] --END-- [ RunTime:0.000278s ]
INFO: [ app_begin ] --START--
INFO: Run Behavior\ReadHtmlCacheBehavior [ RunTime:0.000360s ]
INFO: [ app_begin ] --END-- [ RunTime:0.000398s ]
SQL: SHOW COLUMNS FROM `tadm_information` [ RunTime:0.0030s ]
SQL: SELECT * FROM `tadm_information` WHERE `adm_name` = 'test' LIMIT 1   [ RunTime:0.0003s ]
INFO: [ view_parse ] --START--
INFO: [ template_filter ] --START--
INFO: Run Behavior\ContentReplaceBehavior [ RunTime:0.000050s ]
INFO: [ template_filter ] --END-- [ RunTime:0.000095s ]
INFO: Run Behavior\ParseTemplateBehavior [ RunTime:0.004810s ]
INFO: [ view_parse ] --END-- [ RunTime:0.004848s ]
INFO: [ view_filter ] --START--
INFO: Run Behavior\WriteHtmlCacheBehavior [ RunTime:0.000133s ]
INFO: [ view_filter ] --END-- [ RunTime:0.000161s ]
INFO: [ app_end ] --START--
INFO: Run Behavior\ShowPageTraceBehavior [ RunTime:0.000430s ]
INFO: [ app_end ] --END-- [ RunTime:0.000463s ]

[ 2017-06-10T11:43:16+08:00 ] 192.168.43.117 /educate/index.php/Admin/Adm/searchUser.html
INFO: [ app_init ] --START--
INFO: Run Behavior\BuildLiteBehavior [ RunTime:0.000010s ]
INFO: [ app_init ] --END-- [ RunTime:0.000275s ]
INFO: [ app_begin ] --START--
INFO: Run Behavior\ReadHtmlCacheBehavior [ RunTime:0.000356s ]
INFO: [ app_begin ] --END-- [ RunTime:0.000393s ]
SQL: SHOW COLUMNS FROM `tadm_information` [ RunTime:0.0029s ]
SQL: SELECT `adm_permission` FROM `tadm_information` WHERE `adm_name` = 'test' LIMIT 1   [ RunTime:0.0003s ]
NOTIC: [8] Undefined variable: condition /Applications/MAMP/htdocs/educate/App/Admin/Controller/AdmController.class.php 第 55 行.
NOTIC: [8] Undefined variable: _map /Applications/MAMP/htdocs/educate/App/Admin/Controller/BaseController.class.php 第 64 行.
SQL: SELECT COUNT(*) AS tp_count FROM `tadm_information` LIMIT 1   [ RunTime:0.0002s ]
NOTIC: [8] Undefined variable: _map /Applications/MAMP/htdocs/educate/App/Admin/Controller/BaseController.class.php 第 83 行.
SQL: SELECT `adm_name`,`adm_permission`,`adm_contact` FROM `tadm_information` ORDER BY adm_name LIMIT 0,10   [ RunTime:0.0003s ]
INFO: [ view_parse ] --START--
INFO: [ template_filter ] --START--
INFO: Run Behavior\ContentReplaceBehavior [ RunTime:0.000044s ]
INFO: [ template_filter ] --END-- [ RunTime:0.000081s ]
INFO: Run Behavior\ParseTemplateBehavior [ RunTime:0.004720s ]
INFO: [ view_parse ] --END-- [ RunTime:0.004757s ]
INFO: [ view_filter ] --START--
INFO: Run Behavior\WriteHtmlCacheBehavior [ RunTime:0.000121s ]
INFO: [ view_filter ] --END-- [ RunTime:0.000147s ]
INFO: [ app_end ] --START--
INFO: Run Behavior\ShowPageTraceBehavior [ RunTime:0.000411s ]
INFO: [ app_end ] --END-- [ RunTime:0.000442s ]

[ 2017-06-10T11:43:23+08:00 ] 192.168.43.117 /educate/index.php/Admin/Adm/showUserInfo.html?adm_name=test
INFO: [ app_init ] --START--
INFO: Run Behavior\BuildLiteBehavior [ RunTime:0.000010s ]
INFO: [ app_init ] --END-- [ RunTime:0.000277s ]
INFO: [ app_begin ] --START--
INFO: Run Behavior\ReadHtmlCacheBehavior [ RunTime:0.000363s ]
INFO: [ app_begin ] --END-- [ RunTime:0.000400s ]
SQL: SHOW COLUMNS FROM `tadm_information` [ RunTime:0.0028s ]
SQL: SELECT `adm_permission` FROM `tadm_information` WHERE `adm_name` = 'test' LIMIT 1   [ RunTime:0.0003s ]
SQL: SELECT * FROM `tadm_information` WHERE `adm_name` = 'test' LIMIT 1   [ RunTime:0.0003s ]
INFO: [ view_parse ] --START--
INFO: [ template_filter ] --START--
INFO: Run Behavior\ContentReplaceBehavior [ RunTime:0.000046s ]
INFO: [ template_filter ] --END-- [ RunTime:0.000086s ]
INFO: Run Behavior\ParseTemplateBehavior [ RunTime:0.004801s ]
INFO: [ view_parse ] --END-- [ RunTime:0.004841s ]
INFO: [ view_filter ] --START--
INFO: Run Behavior\WriteHtmlCacheBehavior [ RunTime:0.000130s ]
INFO: [ view_filter ] --END-- [ RunTime:0.000157s ]
INFO: [ app_end ] --START--
INFO: Run Behavior\ShowPageTraceBehavior [ RunTime:0.000407s ]
INFO: [ app_end ] --END-- [ RunTime:0.000437s ]

[ 2017-06-10T11:43:27+08:00 ] 192.168.43.117 /educate/index.php/Admin/Adm/searchUser.html
INFO: [ app_init ] --START--
INFO: Run Behavior\BuildLiteBehavior [ RunTime:0.000011s ]
INFO: [ app_init ] --END-- [ RunTime:0.000280s ]
INFO: [ app_begin ] --START--
INFO: Run Behavior\ReadHtmlCacheBehavior [ RunTime:0.000357s ]
INFO: [ app_begin ] --END-- [ RunTime:0.000395s ]
SQL: SHOW COLUMNS FROM `tadm_information` [ RunTime:0.0024s ]
SQL: SELECT `adm_permission` FROM `tadm_information` WHERE `adm_name` = 'test' LIMIT 1   [ RunTime:0.0006s ]
NOTIC: [8] Undefined variable: condition /Applications/MAMP/htdocs/educate/App/Admin/Controller/AdmController.class.php 第 55 行.
NOTIC: [8] Undefined variable: _map /Applications/MAMP/htdocs/educate/App/Admin/Controller/BaseController.class.php 第 64 行.
SQL: SELECT COUNT(*) AS tp_count FROM `tadm_information` LIMIT 1   [ RunTime:0.0002s ]
NOTIC: [8] Undefined variable: _map /Applications/MAMP/htdocs/educate/App/Admin/Controller/BaseController.class.php 第 83 行.
SQL: SELECT `adm_name`,`adm_permission`,`adm_contact` FROM `tadm_information` ORDER BY adm_name LIMIT 0,10   [ RunTime:0.0003s ]
INFO: [ view_parse ] --START--
INFO: [ template_filter ] --START--
INFO: Run Behavior\ContentReplaceBehavior [ RunTime:0.000046s ]
INFO: [ template_filter ] --END-- [ RunTime:0.000087s ]
INFO: Run Behavior\ParseTemplateBehavior [ RunTime:0.004922s ]
INFO: [ view_parse ] --END-- [ RunTime:0.004960s ]
INFO: [ view_filter ] --START--
INFO: Run Behavior\WriteHtmlCacheBehavior [ RunTime:0.000125s ]
INFO: [ view_filter ] --END-- [ RunTime:0.000153s ]
INFO: [ app_end ] --START--
INFO: Run Behavior\ShowPageTraceBehavior [ RunTime:0.000417s ]
INFO: [ app_end ] --END-- [ RunTime:0.000448s ]

[ 2017-06-10T11:43:34+08:00 ] 192.168.43.117 /educate/index.php/Admin/Adm/showUserInfo.html?adm_name=test
INFO: [ app_init ] --START--
INFO: Run Behavior\BuildLiteBehavior [ RunTime:0.000011s ]
INFO: [ app_init ] --END-- [ RunTime:0.000277s ]
INFO: [ app_begin ] --START--
INFO: Run Behavior\ReadHtmlCacheBehavior [ RunTime:0.000362s ]
INFO: [ app_begin ] --END-- [ RunTime:0.000399s ]
SQL: SHOW COLUMNS FROM `tadm_information` [ RunTime:0.0027s ]
SQL: SELECT `adm_permission` FROM `tadm_information` WHERE `adm_name` = 'test' LIMIT 1   [ RunTime:0.0003s ]
SQL: SELECT * FROM `tadm_information` WHERE `adm_name` = 'test' LIMIT 1   [ RunTime:0.0003s ]
INFO: [ view_parse ] --START--
INFO: [ template_filter ] --START--
INFO: Run Behavior\ContentReplaceBehavior [ RunTime:0.000046s ]
INFO: [ template_filter ] --END-- [ RunTime:0.000082s ]
INFO: Run Behavior\ParseTemplateBehavior [ RunTime:0.004247s ]
INFO: [ view_parse ] --END-- [ RunTime:0.004283s ]
INFO: [ view_filter ] --START--
INFO: Run Behavior\WriteHtmlCacheBehavior [ RunTime:0.000119s ]
INFO: [ view_filter ] --END-- [ RunTime:0.000145s ]
INFO: [ app_end ] --START--
INFO: Run Behavior\ShowPageTraceBehavior [ RunTime:0.000393s ]
INFO: [ app_end ] --END-- [ RunTime:0.000422s ]

[ 2017-06-10T11:43:38+08:00 ] 192.168.43.117 /educate/index.php/Admin/Adm/changeUserInfo.html
INFO: [ app_init ] --START--
INFO: Run Behavior\BuildLiteBehavior [ RunTime:0.000010s ]
INFO: [ app_init ] --END-- [ RunTime:0.000274s ]
INFO: [ app_begin ] --START--
INFO: Run Behavior\ReadHtmlCacheBehavior [ RunTime:0.000359s ]
INFO: [ app_begin ] --END-- [ RunTime:0.000397s ]
SQL: SHOW COLUMNS FROM `tadm_information` [ RunTime:0.0025s ]
SQL: SELECT `adm_permission` FROM `tadm_information` WHERE `adm_name` = 'test' LIMIT 1   [ RunTime:0.0003s ]
SQL: UPDATE `tadm_information` SET `adm_idcard`='500238199408093270',`adm_contact`='10086',`adm_permission`='11',`adm_password`='000000' WHERE `adm_name` = 'test' [ RunTime:0.0039s ]
INFO: [ view_parse ] --START--
INFO: [ template_filter ] --START--
INFO: Run Behavior\ContentReplaceBehavior [ RunTime:0.000038s ]
INFO: [ template_filter ] --END-- [ RunTime:0.000076s ]
INFO: Run Behavior\ParseTemplateBehavior [ RunTime:0.004209s ]
INFO: [ view_parse ] --END-- [ RunTime:0.004328s ]
INFO: [ view_filter ] --START--
INFO: Run Behavior\WriteHtmlCacheBehavior [ RunTime:0.000145s ]
INFO: [ view_filter ] --END-- [ RunTime:0.000174s ]
INFO: [ app_end ] --START--
INFO: Run Behavior\ShowPageTraceBehavior [ RunTime:0.000409s ]
INFO: [ app_end ] --END-- [ RunTime:0.000438s ]

[ 2017-06-10T11:43:40+08:00 ] 192.168.43.117 /educate/index.php/Admin/Adm/showUserInfo.html?adm_name=test
INFO: [ app_init ] --START--
INFO: Run Behavior\BuildLiteBehavior [ RunTime:0.000011s ]
INFO: [ app_init ] --END-- [ RunTime:0.000276s ]
INFO: [ app_begin ] --START--
INFO: Run Behavior\ReadHtmlCacheBehavior [ RunTime:0.000407s ]
INFO: [ app_begin ] --END-- [ RunTime:0.000444s ]
SQL: SHOW COLUMNS FROM `tadm_information` [ RunTime:0.0025s ]
SQL: SELECT `adm_permission` FROM `tadm_information` WHERE `adm_name` = 'test' LIMIT 1   [ RunTime:0.0005s ]
INFO: [ app_end ] --START--
INFO: Run Behavior\ShowPageTraceBehavior [ RunTime:0.000576s ]
INFO: [ app_end ] --END-- [ RunTime:0.000633s ]

[ 2017-06-10T11:43:41+08:00 ] 192.168.43.117 /educate/index.php/Admin/Index/index.html
INFO: [ app_init ] --START--
INFO: Run Behavior\BuildLiteBehavior [ RunTime:0.000010s ]
INFO: [ app_init ] --END-- [ RunTime:0.000260s ]
INFO: [ app_begin ] --START--
INFO: Run Behavior\ReadHtmlCacheBehavior [ RunTime:0.000341s ]
INFO: [ app_begin ] --END-- [ RunTime:0.000381s ]
INFO: [ view_parse ] --START--
INFO: [ template_filter ] --START--
INFO: Run Behavior\ContentReplaceBehavior [ RunTime:0.000057s ]
INFO: [ template_filter ] --END-- [ RunTime:0.000096s ]
SQL: SHOW COLUMNS FROM `tadm_information` [ RunTime:0.0020s ]
SQL: SELECT `adm_permission` FROM `tadm_information` WHERE `adm_name` = 'test' LIMIT 1   [ RunTime:0.0003s ]
SQL: SELECT `adm_permission` FROM `tadm_information` WHERE `adm_name` = 'test' LIMIT 1   [ RunTime:0.0003s ]
INFO: Run Behavior\ParseTemplateBehavior [ RunTime:0.014645s ]
INFO: [ view_parse ] --END-- [ RunTime:0.014690s ]
INFO: [ view_filter ] --START--
INFO: Run Behavior\WriteHtmlCacheBehavior [ RunTime:0.000181s ]
INFO: [ view_filter ] --END-- [ RunTime:0.000215s ]
INFO: [ app_end ] --START--
INFO: Run Behavior\ShowPageTraceBehavior [ RunTime:0.000427s ]
INFO: [ app_end ] --END-- [ RunTime:0.000462s ]

[ 2017-06-10T11:43:42+08:00 ] 192.168.43.117 /educate/index.php/Admin/Index/welcome1.html
INFO: [ app_init ] --START--
INFO: Run Behavior\BuildLiteBehavior [ RunTime:0.000011s ]
INFO: [ app_init ] --END-- [ RunTime:0.000299s ]
INFO: [ app_begin ] --START--
INFO: Run Behavior\ReadHtmlCacheBehavior [ RunTime:0.000391s ]
INFO: [ app_begin ] --END-- [ RunTime:0.000429s ]
INFO: [ view_parse ] --START--
INFO: [ template_filter ] --START--
INFO: Run Behavior\ContentReplaceBehavior [ RunTime:0.000024s ]
INFO: [ template_filter ] --END-- [ RunTime:0.000066s ]
INFO: Run Behavior\ParseTemplateBehavior [ RunTime:0.003822s ]
INFO: [ view_parse ] --END-- [ RunTime:0.003860s ]
INFO: [ view_filter ] --START--
INFO: Run Behavior\WriteHtmlCacheBehavior [ RunTime:0.000125s ]
INFO: [ view_filter ] --END-- [ RunTime:0.000152s ]
INFO: [ app_end ] --START--
INFO: Run Behavior\ShowPageTraceBehavior [ RunTime:0.000406s ]
INFO: [ app_end ] --END-- [ RunTime:0.000437s ]

[ 2017-06-10T11:43:50+08:00 ] 192.168.43.117 /educate/index.php/Admin/Adm/showPersonInfo.html
INFO: [ app_init ] --START--
INFO: Run Behavior\BuildLiteBehavior [ RunTime:0.000011s ]
INFO: [ app_init ] --END-- [ RunTime:0.000275s ]
INFO: [ app_begin ] --START--
INFO: Run Behavior\ReadHtmlCacheBehavior [ RunTime:0.000361s ]
INFO: [ app_begin ] --END-- [ RunTime:0.000397s ]
SQL: SHOW COLUMNS FROM `tadm_information` [ RunTime:0.0023s ]
SQL: SELECT * FROM `tadm_information` WHERE `adm_name` = 'test' LIMIT 1   [ RunTime:0.0003s ]
INFO: [ view_parse ] --START--
INFO: [ template_filter ] --START--
INFO: Run Behavior\ContentReplaceBehavior [ RunTime:0.000048s ]
INFO: [ template_filter ] --END-- [ RunTime:0.000089s ]
INFO: Run Behavior\ParseTemplateBehavior [ RunTime:0.004592s ]
INFO: [ view_parse ] --END-- [ RunTime:0.004634s ]
INFO: [ view_filter ] --START--
INFO: Run Behavior\WriteHtmlCacheBehavior [ RunTime:0.000206s ]
INFO: [ view_filter ] --END-- [ RunTime:0.000234s ]
INFO: [ app_end ] --START--
INFO: Run Behavior\ShowPageTraceBehavior [ RunTime:0.000559s ]
INFO: [ app_end ] --END-- [ RunTime:0.000599s ]

[ 2017-06-10T11:44:38+08:00 ] 192.168.43.117 /educate/index.php/Admin/Index/index.html
INFO: [ app_init ] --START--
INFO: Run Behavior\BuildLiteBehavior [ RunTime:0.000010s ]
INFO: [ app_init ] --END-- [ RunTime:0.000276s ]
INFO: [ app_begin ] --START--
INFO: Run Behavior\ReadHtmlCacheBehavior [ RunTime:0.000362s ]
INFO: [ app_begin ] --END-- [ RunTime:0.000399s ]
INFO: [ view_parse ] --START--
INFO: [ template_filter ] --START--
INFO: Run Behavior\ContentReplaceBehavior [ RunTime:0.000061s ]
INFO: [ template_filter ] --END-- [ RunTime:0.000105s ]
SQL: SHOW COLUMNS FROM `tadm_information` [ RunTime:0.0018s ]
SQL: SELECT `adm_permission` FROM `tadm_information` WHERE `adm_name` = 'test' LIMIT 1   [ RunTime:0.0004s ]
SQL: SELECT `adm_permission` FROM `tadm_information` WHERE `adm_name` = 'test' LIMIT 1   [ RunTime:0.0003s ]
INFO: Run Behavior\ParseTemplateBehavior [ RunTime:0.015972s ]
INFO: [ view_parse ] --END-- [ RunTime:0.016010s ]
INFO: [ view_filter ] --START--
INFO: Run Behavior\WriteHtmlCacheBehavior [ RunTime:0.000203s ]
INFO: [ view_filter ] --END-- [ RunTime:0.000233s ]
INFO: [ app_end ] --START--
INFO: Run Behavior\ShowPageTraceBehavior [ RunTime:0.000438s ]
INFO: [ app_end ] --END-- [ RunTime:0.000469s ]

[ 2017-06-10T11:44:38+08:00 ] 192.168.43.117 /educate/index.php/Admin/Index/welcome1.html
INFO: [ app_init ] --START--
INFO: Run Behavior\BuildLiteBehavior [ RunTime:0.000011s ]
INFO: [ app_init ] --END-- [ RunTime:0.000278s ]
INFO: [ app_begin ] --START--
INFO: Run Behavior\ReadHtmlCacheBehavior [ RunTime:0.000359s ]
INFO: [ app_begin ] --END-- [ RunTime:0.000396s ]
INFO: [ view_parse ] --START--
INFO: [ template_filter ] --START--
INFO: Run Behavior\ContentReplaceBehavior [ RunTime:0.000021s ]
INFO: [ template_filter ] --END-- [ RunTime:0.000059s ]
INFO: Run Behavior\ParseTemplateBehavior [ RunTime:0.003601s ]
INFO: [ view_parse ] --END-- [ RunTime:0.003637s ]
INFO: [ view_filter ] --START--
INFO: Run Behavior\WriteHtmlCacheBehavior [ RunTime:0.000113s ]
INFO: [ view_filter ] --END-- [ RunTime:0.000140s ]
INFO: [ app_end ] --START--
INFO: Run Behavior\ShowPageTraceBehavior [ RunTime:0.000381s ]
INFO: [ app_end ] --END-- [ RunTime:0.000411s ]

[ 2017-06-10T11:44:40+08:00 ] 192.168.43.117 /educate/index.php/admin/login/login.html
INFO: [ app_init ] --START--
INFO: Run Behavior\BuildLiteBehavior [ RunTime:0.000010s ]
INFO: [ app_init ] --END-- [ RunTime:0.000276s ]
INFO: [ app_begin ] --START--
INFO: Run Behavior\ReadHtmlCacheBehavior [ RunTime:0.000363s ]
INFO: [ app_begin ] --END-- [ RunTime:0.000402s ]
INFO: [ view_parse ] --START--
INFO: [ template_filter ] --START--
INFO: Run Behavior\ContentReplaceBehavior [ RunTime:0.000037s ]
INFO: [ template_filter ] --END-- [ RunTime:0.000073s ]
INFO: Run Behavior\ParseTemplateBehavior [ RunTime:0.003929s ]
INFO: [ view_parse ] --END-- [ RunTime:0.003964s ]
INFO: [ view_filter ] --START--
INFO: Run Behavior\WriteHtmlCacheBehavior [ RunTime:0.000117s ]
INFO: [ view_filter ] --END-- [ RunTime:0.000143s ]
INFO: [ app_end ] --START--
INFO: Run Behavior\ShowPageTraceBehavior [ RunTime:0.000384s ]
INFO: [ app_end ] --END-- [ RunTime:0.000415s ]

[ 2017-06-10T11:44:42+08:00 ] 192.168.43.117 /educate/index.php/Admin/Index/index.html
INFO: [ app_init ] --START--
INFO: Run Behavior\BuildLiteBehavior [ RunTime:0.000010s ]
INFO: [ app_init ] --END-- [ RunTime:0.000277s ]
INFO: [ app_begin ] --START--
INFO: Run Behavior\ReadHtmlCacheBehavior [ RunTime:0.000365s ]
INFO: [ app_begin ] --END-- [ RunTime:0.000402s ]
INFO: [ view_parse ] --START--
INFO: [ template_filter ] --START--
INFO: Run Behavior\ContentReplaceBehavior [ RunTime:0.000062s ]
INFO: [ template_filter ] --END-- [ RunTime:0.000109s ]
SQL: SHOW COLUMNS FROM `tadm_information` [ RunTime:0.0017s ]
SQL: SELECT `adm_permission` FROM `tadm_information` WHERE `adm_name` = 'test' LIMIT 1   [ RunTime:0.0003s ]
SQL: SELECT `adm_permission` FROM `tadm_information` WHERE `adm_name` = 'test' LIMIT 1   [ RunTime:0.0003s ]
INFO: Run Behavior\ParseTemplateBehavior [ RunTime:0.014618s ]
INFO: [ view_parse ] --END-- [ RunTime:0.014652s ]
INFO: [ view_filter ] --START--
INFO: Run Behavior\WriteHtmlCacheBehavior [ RunTime:0.000185s ]
INFO: [ view_filter ] --END-- [ RunTime:0.000217s ]
INFO: [ app_end ] --START--
INFO: Run Behavior\ShowPageTraceBehavior [ RunTime:0.000637s ]
INFO: [ app_end ] --END-- [ RunTime:0.000687s ]

[ 2017-06-10T11:44:44+08:00 ] 192.168.43.117 /educate/index.php/Admin/Adm/showAll.html
INFO: [ app_init ] --START--
INFO: Run Behavior\BuildLiteBehavior [ RunTime:0.000010s ]
INFO: [ app_init ] --END-- [ RunTime:0.000262s ]
INFO: [ app_begin ] --START--
INFO: Run Behavior\ReadHtmlCacheBehavior [ RunTime:0.000374s ]
INFO: [ app_begin ] --END-- [ RunTime:0.000414s ]
SQL: SHOW COLUMNS FROM `tadm_information` [ RunTime:0.0036s ]
NOTIC: [8] Undefined variable: _map /Applications/MAMP/htdocs/educate/App/Admin/Controller/BaseController.class.php 第 64 行.
SQL: SELECT COUNT(*) AS tp_count FROM `tadm_information` LIMIT 1   [ RunTime:0.0003s ]
NOTIC: [8] Undefined variable: _map /Applications/MAMP/htdocs/educate/App/Admin/Controller/BaseController.class.php 第 83 行.
SQL: SELECT `adm_name`,`adm_idcard`,`adm_contact`,`adm_permission` FROM `tadm_information` ORDER BY adm_name LIMIT 0,10   [ RunTime:0.0003s ]
INFO: [ view_parse ] --START--
INFO: [ template_filter ] --START--
INFO: Run Behavior\ContentReplaceBehavior [ RunTime:0.000047s ]
INFO: [ template_filter ] --END-- [ RunTime:0.000121s ]
INFO: Run Behavior\ParseTemplateBehavior [ RunTime:0.006143s ]
INFO: [ view_parse ] --END-- [ RunTime:0.006257s ]
INFO: [ view_filter ] --START--
INFO: Run Behavior\WriteHtmlCacheBehavior [ RunTime:0.000391s ]
INFO: [ view_filter ] --END-- [ RunTime:0.000465s ]
INFO: [ app_end ] --START--
INFO: Run Behavior\ShowPageTraceBehavior [ RunTime:0.000514s ]
INFO: [ app_end ] --END-- [ RunTime:0.000552s ]

[ 2017-06-10T11:44:45+08:00 ] 192.168.43.117 /educate/index.php/Admin/Adm/showAll.html
INFO: [ app_init ] --START--
INFO: Run Behavior\BuildLiteBehavior [ RunTime:0.000010s ]
INFO: [ app_init ] --END-- [ RunTime:0.000278s ]
INFO: [ app_begin ] --START--
INFO: Run Behavior\ReadHtmlCacheBehavior [ RunTime:0.000360s ]
INFO: [ app_begin ] --END-- [ RunTime:0.000396s ]
SQL: SHOW COLUMNS FROM `tadm_information` [ RunTime:0.0030s ]
NOTIC: [8] Undefined variable: _map /Applications/MAMP/htdocs/educate/App/Admin/Controller/BaseController.class.php 第 64 行.
SQL: SELECT COUNT(*) AS tp_count FROM `tadm_information` LIMIT 1   [ RunTime:0.0003s ]
NOTIC: [8] Undefined variable: _map /Applications/MAMP/htdocs/educate/App/Admin/Controller/BaseController.class.php 第 83 行.
SQL: SELECT `adm_name`,`adm_idcard`,`adm_contact`,`adm_permission` FROM `tadm_information` ORDER BY adm_name LIMIT 0,10   [ RunTime:0.0003s ]
INFO: [ view_parse ] --START--
INFO: [ template_filter ] --START--
INFO: Run Behavior\ContentReplaceBehavior [ RunTime:0.000026s ]
INFO: [ template_filter ] --END-- [ RunTime:0.000067s ]
INFO: Run Behavior\ParseTemplateBehavior [ RunTime:0.004474s ]
INFO: [ view_parse ] --END-- [ RunTime:0.004512s ]
INFO: [ view_filter ] --START--
INFO: Run Behavior\WriteHtmlCacheBehavior [ RunTime:0.000121s ]
INFO: [ view_filter ] --END-- [ RunTime:0.000148s ]
INFO: [ app_end ] --START--
INFO: Run Behavior\ShowPageTraceBehavior [ RunTime:0.000410s ]
INFO: [ app_end ] --END-- [ RunTime:0.000440s ]

[ 2017-06-10T11:44:52+08:00 ] 192.168.43.117 /educate/index.php/Admin/Teacher/searchTeacher.html
INFO: [ app_init ] --START--
INFO: Run Behavior\BuildLiteBehavior [ RunTime:0.000010s ]
INFO: [ app_init ] --END-- [ RunTime:0.000274s ]
INFO: [ app_begin ] --START--
INFO: Run Behavior\ReadHtmlCacheBehavior [ RunTime:0.000369s ]
INFO: [ app_begin ] --END-- [ RunTime:0.000406s ]
SQL: SHOW COLUMNS FROM `ttea_information` [ RunTime:0.0018s ]
NOTIC: [8] Undefined index: name /Applications/MAMP/htdocs/educate/App/Admin/Controller/TeacherController.class.php 第 18 行.
NOTIC: [8] Undefined variable: condition /Applications/MAMP/htdocs/educate/App/Admin/Controller/TeacherController.class.php 第 19 行.
NOTIC: [8] Undefined variable: _map /Applications/MAMP/htdocs/educate/App/Admin/Controller/BaseController.class.php 第 64 行.
SQL: SELECT COUNT(*) AS tp_count FROM `ttea_information` left join  tpro_classification ON tpro_classification.pro_code = ttea_information.pro_code  LIMIT 1   [ RunTime:0.0004s ]
NOTIC: [8] Undefined variable: _map /Applications/MAMP/htdocs/educate/App/Admin/Controller/BaseController.class.php 第 83 行.
SQL: SELECT `tea_name`,`tea_idnum`,`pro_name`,`tea_enrol` FROM `ttea_information` left join  tpro_classification ON tpro_classification.pro_code = ttea_information.pro_code  ORDER BY tea_enrol LIMIT 0,10   [ RunTime:0.0017s ]
INFO: [ view_parse ] --START--
INFO: [ template_filter ] --START--
INFO: Run Behavior\ContentReplaceBehavior [ RunTime:0.000050s ]
INFO: [ template_filter ] --END-- [ RunTime:0.000093s ]
NOTIC: [8] Undefined variable: value /Applications/MAMP/htdocs/educate/Runtime/Cache/Admin/50cdd8883da8bfb4aa37f402bf0a5c2c.php 第 38 行.
INFO: Run Behavior\ParseTemplateBehavior [ RunTime:0.006245s ]
INFO: [ view_parse ] --END-- [ RunTime:0.006284s ]
INFO: [ view_filter ] --START--
INFO: Run Behavior\WriteHtmlCacheBehavior [ RunTime:0.000183s ]
INFO: [ view_filter ] --END-- [ RunTime:0.000213s ]
INFO: [ app_end ] --START--
INFO: Run Behavior\ShowPageTraceBehavior [ RunTime:0.000452s ]
INFO: [ app_end ] --END-- [ RunTime:0.000486s ]

[ 2017-06-10T11:45:01+08:00 ] 192.168.43.117 /educate/index.php/Admin/Teacher/AddTeacher.html
INFO: [ app_init ] --START--
INFO: Run Behavior\BuildLiteBehavior [ RunTime:0.000014s ]
INFO: [ app_init ] --END-- [ RunTime:0.000402s ]
INFO: [ app_begin ] --START--
INFO: Run Behavior\ReadHtmlCacheBehavior [ RunTime:0.000387s ]
INFO: [ app_begin ] --END-- [ RunTime:0.000424s ]
SQL: SHOW COLUMNS FROM `tpro_classification` [ RunTime:0.0029s ]
SQL: SELECT `pro_code`,`pro_name` FROM `tpro_classification`  [ RunTime:0.0003s ]
SQL: SHOW COLUMNS FROM `ttea_information` [ RunTime:0.0021s ]
INFO: [ view_parse ] --START--
INFO: [ template_filter ] --START--
INFO: Run Behavior\ContentReplaceBehavior [ RunTime:0.000045s ]
INFO: [ template_filter ] --END-- [ RunTime:0.000084s ]
INFO: Run Behavior\ParseTemplateBehavior [ RunTime:0.004807s ]
INFO: [ view_parse ] --END-- [ RunTime:0.004874s ]
INFO: [ view_filter ] --START--
INFO: Run Behavior\WriteHtmlCacheBehavior [ RunTime:0.000170s ]
INFO: [ view_filter ] --END-- [ RunTime:0.000206s ]
INFO: [ app_end ] --START--
INFO: Run Behavior\ShowPageTraceBehavior [ RunTime:0.000415s ]
INFO: [ app_end ] --END-- [ RunTime:0.000446s ]

[ 2017-06-10T11:45:08+08:00 ] 192.168.43.117 /educate/index.php/Admin/Teacher/searchTeacher.html
INFO: [ app_init ] --START--
INFO: Run Behavior\BuildLiteBehavior [ RunTime:0.000011s ]
INFO: [ app_init ] --END-- [ RunTime:0.000279s ]
INFO: [ app_begin ] --START--
INFO: Run Behavior\ReadHtmlCacheBehavior [ RunTime:0.000364s ]
INFO: [ app_begin ] --END-- [ RunTime:0.000402s ]
SQL: SHOW COLUMNS FROM `ttea_information` [ RunTime:0.0026s ]
NOTIC: [8] Undefined index: name /Applications/MAMP/htdocs/educate/App/Admin/Controller/TeacherController.class.php 第 18 行.
NOTIC: [8] Undefined variable: condition /Applications/MAMP/htdocs/educate/App/Admin/Controller/TeacherController.class.php 第 19 行.
NOTIC: [8] Undefined variable: _map /Applications/MAMP/htdocs/educate/App/Admin/Controller/BaseController.class.php 第 64 行.
SQL: SELECT COUNT(*) AS tp_count FROM `ttea_information` left join  tpro_classification ON tpro_classification.pro_code = ttea_information.pro_code  LIMIT 1   [ RunTime:0.0004s ]
NOTIC: [8] Undefined variable: _map /Applications/MAMP/htdocs/educate/App/Admin/Controller/BaseController.class.php 第 83 行.
SQL: SELECT `tea_name`,`tea_idnum`,`pro_name`,`tea_enrol` FROM `ttea_information` left join  tpro_classification ON tpro_classification.pro_code = ttea_information.pro_code  ORDER BY tea_enrol LIMIT 0,10   [ RunTime:0.0005s ]
INFO: [ view_parse ] --START--
INFO: [ template_filter ] --START--
INFO: Run Behavior\ContentReplaceBehavior [ RunTime:0.000046s ]
INFO: [ template_filter ] --END-- [ RunTime:0.000084s ]
NOTIC: [8] Undefined variable: value /Applications/MAMP/htdocs/educate/Runtime/Cache/Admin/50cdd8883da8bfb4aa37f402bf0a5c2c.php 第 38 行.
INFO: Run Behavior\ParseTemplateBehavior [ RunTime:0.005031s ]
INFO: [ view_parse ] --END-- [ RunTime:0.005063s ]
INFO: [ view_filter ] --START--
INFO: Run Behavior\WriteHtmlCacheBehavior [ RunTime:0.000143s ]
INFO: [ view_filter ] --END-- [ RunTime:0.000169s ]
INFO: [ app_end ] --START--
INFO: Run Behavior\ShowPageTraceBehavior [ RunTime:0.000405s ]
INFO: [ app_end ] --END-- [ RunTime:0.000436s ]

[ 2017-06-10T11:45:10+08:00 ] 192.168.43.117 /educate/index.php/Admin/Teacher/alterTeacher.html?tea_idnum=10000002
INFO: [ app_init ] --START--
INFO: Run Behavior\BuildLiteBehavior [ RunTime:0.000011s ]
INFO: [ app_init ] --END-- [ RunTime:0.000279s ]
INFO: [ app_begin ] --START--
INFO: Run Behavior\ReadHtmlCacheBehavior [ RunTime:0.000397s ]
INFO: [ app_begin ] --END-- [ RunTime:0.000433s ]
SQL: SHOW COLUMNS FROM `ttea_information` [ RunTime:0.0027s ]
SQL: SELECT `tea_name`,`tea_idnum`,`pro_name`,ttea_information.pro_code,`tea_idcard`,`tea_password` FROM `ttea_information` left join tpro_classification ON tpro_classification.pro_code = ttea_information.pro_code  WHERE `tea_idnum` = '10000002' LIMIT 1   [ RunTime:0.0004s ]
SQL: SHOW COLUMNS FROM `tpro_classification` [ RunTime:0.0015s ]
SQL: SELECT `pro_code`,`pro_name` FROM `tpro_classification`  [ RunTime:0.0003s ]
INFO: [ view_parse ] --START--
INFO: [ template_filter ] --START--
INFO: Run Behavior\ContentReplaceBehavior [ RunTime:0.000048s ]
INFO: [ template_filter ] --END-- [ RunTime:0.000089s ]
INFO: Run Behavior\ParseTemplateBehavior [ RunTime:0.005109s ]
INFO: [ view_parse ] --END-- [ RunTime:0.005163s ]
INFO: [ view_filter ] --START--
INFO: Run Behavior\WriteHtmlCacheBehavior [ RunTime:0.000162s ]
INFO: [ view_filter ] --END-- [ RunTime:0.000200s ]
INFO: [ app_end ] --START--
INFO: Run Behavior\ShowPageTraceBehavior [ RunTime:0.000412s ]
INFO: [ app_end ] --END-- [ RunTime:0.000442s ]

[ 2017-06-10T11:45:25+08:00 ] 192.168.43.117 /educate/index.php/Admin/Students/searchStudent.html
INFO: [ app_init ] --START--
INFO: Run Behavior\BuildLiteBehavior [ RunTime:0.000010s ]
INFO: [ app_init ] --END-- [ RunTime:0.000261s ]
INFO: [ app_begin ] --START--
INFO: Run Behavior\ReadHtmlCacheBehavior [ RunTime:0.000341s ]
INFO: [ app_begin ] --END-- [ RunTime:0.000374s ]
SQL: SHOW COLUMNS FROM `tstu_information` [ RunTime:0.0018s ]
NOTIC: [8] Undefined index: name /Applications/MAMP/htdocs/educate/App/Admin/Controller/StudentsController.class.php 第 39 行.
NOTIC: [8] Undefined variable: condition /Applications/MAMP/htdocs/educate/App/Admin/Controller/StudentsController.class.php 第 40 行.
NOTIC: [8] Undefined variable: _map /Applications/MAMP/htdocs/educate/App/Admin/Controller/BaseController.class.php 第 64 行.
SQL: SELECT COUNT(*) AS tp_count FROM `tstu_information` left join tcla_code ON tstu_information.stu_class = tcla_code.cla_code  LIMIT 1   [ RunTime:0.0005s ]
NOTIC: [8] Undefined variable: _map /Applications/MAMP/htdocs/educate/App/Admin/Controller/BaseController.class.php 第 83 行.
SQL: SELECT `stu_name`,`stu_idnum`,`cla_name`,`stu_enrol` FROM `tstu_information` left join tcla_code ON tstu_information.stu_class = tcla_code.cla_code  ORDER BY stu_enrol LIMIT 0,10   [ RunTime:0.0006s ]
INFO: [ view_parse ] --START--
INFO: [ template_filter ] --START--
INFO: Run Behavior\ContentReplaceBehavior [ RunTime:0.000050s ]
INFO: [ template_filter ] --END-- [ RunTime:0.000094s ]
NOTIC: [8] Undefined variable: value /Applications/MAMP/htdocs/educate/Runtime/Cache/Admin/a2ea40353935946ab2f6826bd6178225.php 第 38 行.
INFO: Run Behavior\ParseTemplateBehavior [ RunTime:0.006508s ]
INFO: [ view_parse ] --END-- [ RunTime:0.006543s ]
INFO: [ view_filter ] --START--
INFO: Run Behavior\WriteHtmlCacheBehavior [ RunTime:0.000142s ]
INFO: [ view_filter ] --END-- [ RunTime:0.000172s ]
INFO: [ app_end ] --START--
INFO: Run Behavior\ShowPageTraceBehavior [ RunTime:0.000671s ]
INFO: [ app_end ] --END-- [ RunTime:0.000728s ]

[ 2017-06-10T11:45:31+08:00 ] 192.168.43.117 /educate/index.php/Admin/Students/alter_score.html
INFO: [ app_init ] --START--
INFO: Run Behavior\BuildLiteBehavior [ RunTime:0.000011s ]
INFO: [ app_init ] --END-- [ RunTime:0.000275s ]
INFO: [ app_begin ] --START--
INFO: Run Behavior\ReadHtmlCacheBehavior [ RunTime:0.000363s ]
INFO: [ app_begin ] --END-- [ RunTime:0.000400s ]
SQL: SHOW COLUMNS FROM `tstu_information` [ RunTime:0.0023s ]
NOTIC: [8] Undefined index: name /Applications/MAMP/htdocs/educate/App/Admin/Controller/StudentsController.class.php 第 85 行.
NOTIC: [8] Undefined variable: condition /Applications/MAMP/htdocs/educate/App/Admin/Controller/StudentsController.class.php 第 86 行.
NOTIC: [8] Undefined variable: _map /Applications/MAMP/htdocs/educate/App/Admin/Controller/BaseController.class.php 第 64 行.
SQL: SELECT COUNT(*) AS tp_count FROM `tstu_information` left join tcla_code ON tstu_information.stu_class = tcla_code.cla_code  LIMIT 1   [ RunTime:0.0004s ]
NOTIC: [8] Undefined variable: _map /Applications/MAMP/htdocs/educate/App/Admin/Controller/BaseController.class.php 第 83 行.
SQL: SELECT `stu_name`,`stu_idnum`,`cla_name` FROM `tstu_information` left join tcla_code ON tstu_information.stu_class = tcla_code.cla_code  ORDER BY stu_idnum LIMIT 0,10   [ RunTime:0.0005s ]
INFO: [ view_parse ] --START--
INFO: [ template_filter ] --START--
INFO: Run Behavior\ContentReplaceBehavior [ RunTime:0.000044s ]
INFO: [ template_filter ] --END-- [ RunTime:0.000084s ]
INFO: Run Behavior\ParseTemplateBehavior [ RunTime:0.004955s ]
INFO: [ view_parse ] --END-- [ RunTime:0.004993s ]
INFO: [ view_filter ] --START--
INFO: Run Behavior\WriteHtmlCacheBehavior [ RunTime:0.000124s ]
INFO: [ view_filter ] --END-- [ RunTime:0.000150s ]
INFO: [ app_end ] --START--
INFO: Run Behavior\ShowPageTraceBehavior [ RunTime:0.000405s ]
INFO: [ app_end ] --END-- [ RunTime:0.000436s ]

[ 2017-06-10T11:45:49+08:00 ] 192.168.43.117 /educate/index.php/Admin/Course/searchCourse.html
INFO: [ app_init ] --START--
INFO: Run Behavior\BuildLiteBehavior [ RunTime:0.000011s ]
INFO: [ app_init ] --END-- [ RunTime:0.000284s ]
INFO: [ app_begin ] --START--
INFO: Run Behavior\ReadHtmlCacheBehavior [ RunTime:0.000364s ]
INFO: [ app_begin ] --END-- [ RunTime:0.000400s ]
SQL: SHOW COLUMNS FROM `tcou_classification` [ RunTime:0.0012s ]
NOTIC: [8] Undefined index: name /Applications/MAMP/htdocs/educate/App/Admin/Controller/CourseController.class.php 第 16 行.
NOTIC: [8] Undefined variable: condition /Applications/MAMP/htdocs/educate/App/Admin/Controller/CourseController.class.php 第 17 行.
NOTIC: [8] Undefined variable: _map /Applications/MAMP/htdocs/educate/App/Admin/Controller/BaseController.class.php 第 64 行.
SQL: SELECT COUNT(*) AS tp_count FROM `tcou_classification` LIMIT 1   [ RunTime:0.0003s ]
NOTIC: [8] Undefined variable: _map /Applications/MAMP/htdocs/educate/App/Admin/Controller/BaseController.class.php 第 83 行.
SQL: SELECT `cou_code`,`cou_name`,`pro_academy`,`cou_credit`,`cou_type` FROM `tcou_classification` ORDER BY cou_code LIMIT 0,10   [ RunTime:0.0007s ]
INFO: [ view_parse ] --START--
INFO: [ template_filter ] --START--
INFO: Run Behavior\ContentReplaceBehavior [ RunTime:0.000051s ]
INFO: [ template_filter ] --END-- [ RunTime:0.000096s ]
NOTIC: [8] Undefined variable: value /Applications/MAMP/htdocs/educate/Runtime/Cache/Admin/680c70d2183ac7b6525f67854bdb1c10.php 第 38 行.
INFO: Run Behavior\ParseTemplateBehavior [ RunTime:0.006505s ]
INFO: [ view_parse ] --END-- [ RunTime:0.006543s ]
INFO: [ view_filter ] --START--
INFO: Run Behavior\WriteHtmlCacheBehavior [ RunTime:0.000149s ]
INFO: [ view_filter ] --END-- [ RunTime:0.000178s ]
INFO: [ app_end ] --START--
INFO: Run Behavior\ShowPageTraceBehavior [ RunTime:0.000458s ]
INFO: [ app_end ] --END-- [ RunTime:0.000493s ]

[ 2017-06-10T11:45:55+08:00 ] 192.168.43.117 /educate/index.php/Admin/Course/addCourse.html
INFO: [ app_init ] --START--
INFO: Run Behavior\BuildLiteBehavior [ RunTime:0.000010s ]
INFO: [ app_init ] --END-- [ RunTime:0.000277s ]
INFO: [ app_begin ] --START--
INFO: Run Behavior\ReadHtmlCacheBehavior [ RunTime:0.000357s ]
INFO: [ app_begin ] --END-- [ RunTime:0.000395s ]
SQL: SHOW COLUMNS FROM `tcou_classification` [ RunTime:0.0027s ]
INFO: [ view_parse ] --START--
INFO: [ template_filter ] --START--
INFO: Run Behavior\ContentReplaceBehavior [ RunTime:0.000051s ]
INFO: [ template_filter ] --END-- [ RunTime:0.000099s ]
INFO: Run Behavior\ParseTemplateBehavior [ RunTime:0.005332s ]
INFO: [ view_parse ] --END-- [ RunTime:0.005369s ]
INFO: [ view_filter ] --START--
INFO: Run Behavior\WriteHtmlCacheBehavior [ RunTime:0.000133s ]
INFO: [ view_filter ] --END-- [ RunTime:0.000162s ]
INFO: [ app_end ] --START--
INFO: Run Behavior\ShowPageTraceBehavior [ RunTime:0.000447s ]
INFO: [ app_end ] --END-- [ RunTime:0.000481s ]

[ 2017-06-10T11:45:59+08:00 ] 192.168.43.117 /educate/index.php/Admin/Course/searchCourse.html
INFO: [ app_init ] --START--
INFO: Run Behavior\BuildLiteBehavior [ RunTime:0.000011s ]
INFO: [ app_init ] --END-- [ RunTime:0.000281s ]
INFO: [ app_begin ] --START--
INFO: Run Behavior\ReadHtmlCacheBehavior [ RunTime:0.000357s ]
INFO: [ app_begin ] --END-- [ RunTime:0.000395s ]
SQL: SHOW COLUMNS FROM `tcou_classification` [ RunTime:0.0029s ]
NOTIC: [8] Undefined index: name /Applications/MAMP/htdocs/educate/App/Admin/Controller/CourseController.class.php 第 16 行.
NOTIC: [8] Undefined variable: condition /Applications/MAMP/htdocs/educate/App/Admin/Controller/CourseController.class.php 第 17 行.
NOTIC: [8] Undefined variable: _map /Applications/MAMP/htdocs/educate/App/Admin/Controller/BaseController.class.php 第 64 行.
SQL: SELECT COUNT(*) AS tp_count FROM `tcou_classification` LIMIT 1   [ RunTime:0.0003s ]
NOTIC: [8] Undefined variable: _map /Applications/MAMP/htdocs/educate/App/Admin/Controller/BaseController.class.php 第 83 行.
SQL: SELECT `cou_code`,`cou_name`,`pro_academy`,`cou_credit`,`cou_type` FROM `tcou_classification` ORDER BY cou_code LIMIT 0,10   [ RunTime:0.0003s ]
INFO: [ view_parse ] --START--
INFO: [ template_filter ] --START--
INFO: Run Behavior\ContentReplaceBehavior [ RunTime:0.000044s ]
INFO: [ template_filter ] --END-- [ RunTime:0.000082s ]
NOTIC: [8] Undefined variable: value /Applications/MAMP/htdocs/educate/Runtime/Cache/Admin/680c70d2183ac7b6525f67854bdb1c10.php 第 38 行.
INFO: Run Behavior\ParseTemplateBehavior [ RunTime:0.005211s ]
INFO: [ view_parse ] --END-- [ RunTime:0.005243s ]
INFO: [ view_filter ] --START--
INFO: Run Behavior\WriteHtmlCacheBehavior [ RunTime:0.000133s ]
INFO: [ view_filter ] --END-- [ RunTime:0.000160s ]
INFO: [ app_end ] --START--
INFO: Run Behavior\ShowPageTraceBehavior [ RunTime:0.000401s ]
INFO: [ app_end ] --END-- [ RunTime:0.000431s ]

[ 2017-06-10T11:46:03+08:00 ] 192.168.43.117 /educate/index.php/Admin/Course/showAll.html?cou_code=3SL0103A
INFO: [ app_init ] --START--
INFO: Run Behavior\BuildLiteBehavior [ RunTime:0.000011s ]
INFO: [ app_init ] --END-- [ RunTime:0.000281s ]
INFO: [ app_begin ] --START--
INFO: Run Behavior\ReadHtmlCacheBehavior [ RunTime:0.000360s ]
INFO: [ app_begin ] --END-- [ RunTime:0.000396s ]
SQL: SHOW COLUMNS FROM `tcou_classification` [ RunTime:0.0023s ]
SQL: SELECT * FROM `tcou_classification` WHERE `cou_code` = '3SL0103A' ORDER BY cou_code  [ RunTime:0.0003s ]
SQL: SHOW COLUMNS FROM `tcou_information` [ RunTime:0.0017s ]
SQL: SELECT * FROM `tcou_information` WHERE `cou_code` = '3SL0103A' ORDER BY cou_number  [ RunTime:0.0005s ]
SQL: SHOW COLUMNS FROM `tedu_textbook` [ RunTime:0.0017s ]
SQL: SELECT * FROM `tedu_textbook` WHERE `cou_code` = '3SL0103A'  [ RunTime:0.0004s ]
INFO: [ view_parse ] --START--
INFO: [ template_filter ] --START--
INFO: Run Behavior\ContentReplaceBehavior [ RunTime:0.000056s ]
INFO: [ template_filter ] --END-- [ RunTime:0.000098s ]
INFO: Run Behavior\ParseTemplateBehavior [ RunTime:0.006826s ]
INFO: [ view_parse ] --END-- [ RunTime:0.006865s ]
INFO: [ view_filter ] --START--
INFO: Run Behavior\WriteHtmlCacheBehavior [ RunTime:0.000130s ]
INFO: [ view_filter ] --END-- [ RunTime:0.000160s ]
INFO: [ app_end ] --START--
INFO: Run Behavior\ShowPageTraceBehavior [ RunTime:0.000403s ]
INFO: [ app_end ] --END-- [ RunTime:0.000434s ]

[ 2017-06-10T11:46:11+08:00 ] 192.168.43.117 /educate/index.php/Admin/Courseson/addCourseson.html?cou_code=3SL0103A
INFO: [ app_init ] --START--
INFO: Run Behavior\BuildLiteBehavior [ RunTime:0.000013s ]
INFO: [ app_init ] --END-- [ RunTime:0.000288s ]
INFO: [ app_begin ] --START--
INFO: Run Behavior\ReadHtmlCacheBehavior [ RunTime:0.000369s ]
INFO: [ app_begin ] --END-- [ RunTime:0.000406s ]
INFO: [ view_parse ] --START--
INFO: [ template_filter ] --START--
INFO: Run Behavior\ContentReplaceBehavior [ RunTime:0.000051s ]
INFO: [ template_filter ] --END-- [ RunTime:0.000096s ]
INFO: Run Behavior\ParseTemplateBehavior [ RunTime:0.004646s ]
INFO: [ view_parse ] --END-- [ RunTime:0.004689s ]
INFO: [ view_filter ] --START--
INFO: Run Behavior\WriteHtmlCacheBehavior [ RunTime:0.000127s ]
INFO: [ view_filter ] --END-- [ RunTime:0.000154s ]
NOTIC: [2] Cannot modify header information - headers already sent by (output started at /Applications/MAMP/htdocs/educate/App/Admin/Controller/CoursesonController.class.php:129) /Applications/MAMP/htdocs/educate/ThinkPHP/Library/Think/View.class.php 第 91 行.
NOTIC: [2] Cannot modify header information - headers already sent by (output started at /Applications/MAMP/htdocs/educate/App/Admin/Controller/CoursesonController.class.php:129) /Applications/MAMP/htdocs/educate/ThinkPHP/Library/Think/View.class.php 第 92 行.
NOTIC: [2] Cannot modify header information - headers already sent by (output started at /Applications/MAMP/htdocs/educate/App/Admin/Controller/CoursesonController.class.php:129) /Applications/MAMP/htdocs/educate/ThinkPHP/Library/Think/View.class.php 第 93 行.
INFO: [ app_end ] --START--
INFO: Run Behavior\ShowPageTraceBehavior [ RunTime:0.000432s ]
INFO: [ app_end ] --END-- [ RunTime:0.000465s ]

[ 2017-06-10T11:46:21+08:00 ] 192.168.43.117 /educate/index.php/Admin/Course/addbook.html?cou_code=3SL0103A
INFO: [ app_init ] --START--
INFO: Run Behavior\BuildLiteBehavior [ RunTime:0.000011s ]
INFO: [ app_init ] --END-- [ RunTime:0.000277s ]
INFO: [ app_begin ] --START--
INFO: Run Behavior\ReadHtmlCacheBehavior [ RunTime:0.000364s ]
INFO: [ app_begin ] --END-- [ RunTime:0.000402s ]
SQL: SHOW COLUMNS FROM `tedu_textbook` [ RunTime:0.0023s ]
INFO: [ view_parse ] --START--
INFO: [ template_filter ] --START--
INFO: Run Behavior\ContentReplaceBehavior [ RunTime:0.000047s ]
INFO: [ template_filter ] --END-- [ RunTime:0.000090s ]
INFO: Run Behavior\ParseTemplateBehavior [ RunTime:0.004441s ]
INFO: [ view_parse ] --END-- [ RunTime:0.004475s ]
INFO: [ view_filter ] --START--
INFO: Run Behavior\WriteHtmlCacheBehavior [ RunTime:0.000120s ]
INFO: [ view_filter ] --END-- [ RunTime:0.000146s ]
INFO: [ app_end ] --START--
INFO: Run Behavior\ShowPageTraceBehavior [ RunTime:0.000406s ]
INFO: [ app_end ] --END-- [ RunTime:0.000438s ]

[ 2017-06-10T11:46:26+08:00 ] 192.168.43.117 /educate/index.php/Admin/Courseson/showAll.html
INFO: [ app_init ] --START--
INFO: Run Behavior\BuildLiteBehavior [ RunTime:0.000010s ]
INFO: [ app_init ] --END-- [ RunTime:0.000277s ]
INFO: [ app_begin ] --START--
INFO: Run Behavior\ReadHtmlCacheBehavior [ RunTime:0.000361s ]
INFO: [ app_begin ] --END-- [ RunTime:0.000398s ]
NOTIC: [8] Undefined index: value /Applications/MAMP/htdocs/educate/App/Admin/Controller/CoursesonController.class.php 第 64 行.
SQL: SHOW COLUMNS FROM `tcou_information` [ RunTime:0.0028s ]
SQL: SELECT COUNT(*) AS tp_count FROM `tcou_information` left join ttea_information ON ttea_information.tea_idnum = tcou_information.tea_idnum  WHERE `cou_flag` IN ('1','2','3','4') LIMIT 1   [ RunTime:0.0004s ]
SQL: SELECT `cou_number`,`cou_term`,`cou_place`,`cou_total`,`cou_flag`,`tea_name` FROM `tcou_information` left join ttea_information ON ttea_information.tea_idnum = tcou_information.tea_idnum  WHERE `cou_flag` IN ('1','2','3','4') ORDER BY cou_number LIMIT 0,10   [ RunTime:0.0005s ]
INFO: [ view_parse ] --START--
INFO: [ template_filter ] --START--
INFO: Run Behavior\ContentReplaceBehavior [ RunTime:0.000123s ]
INFO: [ template_filter ] --END-- [ RunTime:0.000209s ]
NOTIC: [8] Undefined variable: value /Applications/MAMP/htdocs/educate/Runtime/Cache/Admin/d5ef40e57ee335637f3ec3e048a2b3a4.php 第 35 行.
INFO: Run Behavior\ParseTemplateBehavior [ RunTime:0.007022s ]
INFO: [ view_parse ] --END-- [ RunTime:0.007060s ]
INFO: [ view_filter ] --START--
INFO: Run Behavior\WriteHtmlCacheBehavior [ RunTime:0.000171s ]
INFO: [ view_filter ] --END-- [ RunTime:0.000202s ]
NOTIC: [2] Cannot modify header information - headers already sent by (output started at /Applications/MAMP/htdocs/educate/App/Admin/Controller/CoursesonController.class.php:129) /Applications/MAMP/htdocs/educate/ThinkPHP/Library/Think/View.class.php 第 91 行.
NOTIC: [2] Cannot modify header information - headers already sent by (output started at /Applications/MAMP/htdocs/educate/App/Admin/Controller/CoursesonController.class.php:129) /Applications/MAMP/htdocs/educate/ThinkPHP/Library/Think/View.class.php 第 92 行.
NOTIC: [2] Cannot modify header information - headers already sent by (output started at /Applications/MAMP/htdocs/educate/App/Admin/Controller/CoursesonController.class.php:129) /Applications/MAMP/htdocs/educate/ThinkPHP/Library/Think/View.class.php 第 93 行.
INFO: [ app_end ] --START--
INFO: Run Behavior\ShowPageTraceBehavior [ RunTime:0.000469s ]
INFO: [ app_end ] --END-- [ RunTime:0.000502s ]

[ 2017-06-10T11:46:36+08:00 ] 192.168.43.117 /educate/index.php/Admin/Profess/searchProfess.html
INFO: [ app_init ] --START--
INFO: Run Behavior\BuildLiteBehavior [ RunTime:0.000011s ]
INFO: [ app_init ] --END-- [ RunTime:0.000279s ]
INFO: [ app_begin ] --START--
INFO: Run Behavior\ReadHtmlCacheBehavior [ RunTime:0.000361s ]
INFO: [ app_begin ] --END-- [ RunTime:0.000398s ]
SQL: SHOW COLUMNS FROM `tpro_classification` [ RunTime:0.0014s ]
NOTIC: [8] Undefined variable: condition /Applications/MAMP/htdocs/educate/App/Admin/Controller/ProfessController.class.php 第 42 行.
NOTIC: [8] Undefined variable: _map /Applications/MAMP/htdocs/educate/App/Admin/Controller/BaseController.class.php 第 64 行.
SQL: SELECT COUNT(*) AS tp_count FROM `tpro_classification` LIMIT 1   [ RunTime:0.0003s ]
NOTIC: [8] Undefined variable: _map /Applications/MAMP/htdocs/educate/App/Admin/Controller/BaseController.class.php 第 83 行.
SQL: SELECT `pro_code`,`pro_name`,`pro_academy`,`pro_level`,`pro_year`,`pro_type` FROM `tpro_classification` ORDER BY pro_code LIMIT 0,10   [ RunTime:0.0003s ]
INFO: [ view_parse ] --START--
INFO: [ template_filter ] --START--
INFO: Run Behavior\ContentReplaceBehavior [ RunTime:0.000046s ]
INFO: [ template_filter ] --END-- [ RunTime:0.000086s ]
NOTIC: [8] Undefined variable: value /Applications/MAMP/htdocs/educate/Runtime/Cache/Admin/d645ff37dcf9a42155bb645b826fab42.php 第 37 行.
INFO: Run Behavior\ParseTemplateBehavior [ RunTime:0.005245s ]
INFO: [ view_parse ] --END-- [ RunTime:0.005278s ]
INFO: [ view_filter ] --START--
INFO: Run Behavior\WriteHtmlCacheBehavior [ RunTime:0.000124s ]
INFO: [ view_filter ] --END-- [ RunTime:0.000151s ]
NOTIC: [2] Cannot modify header information - headers already sent by (output started at /Applications/MAMP/htdocs/educate/App/Admin/Controller/ProfessController.class.php:69) /Applications/MAMP/htdocs/educate/ThinkPHP/Library/Think/View.class.php 第 91 行.
NOTIC: [2] Cannot modify header information - headers already sent by (output started at /Applications/MAMP/htdocs/educate/App/Admin/Controller/ProfessController.class.php:69) /Applications/MAMP/htdocs/educate/ThinkPHP/Library/Think/View.class.php 第 92 行.
NOTIC: [2] Cannot modify header information - headers already sent by (output started at /Applications/MAMP/htdocs/educate/App/Admin/Controller/ProfessController.class.php:69) /Applications/MAMP/htdocs/educate/ThinkPHP/Library/Think/View.class.php 第 93 行.
INFO: [ app_end ] --START--
INFO: Run Behavior\ShowPageTraceBehavior [ RunTime:0.000404s ]
INFO: [ app_end ] --END-- [ RunTime:0.000433s ]

[ 2017-06-10T11:46:48+08:00 ] 192.168.43.117 /educate/index.php/Admin/Profess/addProfess.html
INFO: [ app_init ] --START--
INFO: Run Behavior\BuildLiteBehavior [ RunTime:0.000010s ]
INFO: [ app_init ] --END-- [ RunTime:0.000276s ]
INFO: [ app_begin ] --START--
INFO: Run Behavior\ReadHtmlCacheBehavior [ RunTime:0.000361s ]
INFO: [ app_begin ] --END-- [ RunTime:0.000396s ]
SQL: SHOW COLUMNS FROM `tpro_classification` [ RunTime:0.0025s ]
INFO: [ view_parse ] --START--
INFO: [ template_filter ] --START--
INFO: Run Behavior\ContentReplaceBehavior [ RunTime:0.000047s ]
INFO: [ template_filter ] --END-- [ RunTime:0.000088s ]
INFO: Run Behavior\ParseTemplateBehavior [ RunTime:0.004375s ]
INFO: [ view_parse ] --END-- [ RunTime:0.004411s ]
INFO: [ view_filter ] --START--
INFO: Run Behavior\WriteHtmlCacheBehavior [ RunTime:0.000118s ]
INFO: [ view_filter ] --END-- [ RunTime:0.000144s ]
NOTIC: [2] Cannot modify header information - headers already sent by (output started at /Applications/MAMP/htdocs/educate/App/Admin/Controller/ProfessController.class.php:69) /Applications/MAMP/htdocs/educate/ThinkPHP/Library/Think/View.class.php 第 91 行.
NOTIC: [2] Cannot modify header information - headers already sent by (output started at /Applications/MAMP/htdocs/educate/App/Admin/Controller/ProfessController.class.php:69) /Applications/MAMP/htdocs/educate/ThinkPHP/Library/Think/View.class.php 第 92 行.
NOTIC: [2] Cannot modify header information - headers already sent by (output started at /Applications/MAMP/htdocs/educate/App/Admin/Controller/ProfessController.class.php:69) /Applications/MAMP/htdocs/educate/ThinkPHP/Library/Think/View.class.php 第 93 行.
INFO: [ app_end ] --START--
INFO: Run Behavior\ShowPageTraceBehavior [ RunTime:0.000398s ]
INFO: [ app_end ] --END-- [ RunTime:0.000428s ]

[ 2017-06-10T11:46:54+08:00 ] 192.168.43.117 /educate/index.php/Admin/Class/searchClass.html
INFO: [ app_init ] --START--
INFO: Run Behavior\BuildLiteBehavior [ RunTime:0.000010s ]
INFO: [ app_init ] --END-- [ RunTime:0.000277s ]
INFO: [ app_begin ] --START--
INFO: Run Behavior\ReadHtmlCacheBehavior [ RunTime:0.000361s ]
INFO: [ app_begin ] --END-- [ RunTime:0.000397s ]
SQL: SHOW COLUMNS FROM `tcla_code` [ RunTime:0.0016s ]
NOTIC: [8] Undefined variable: condition /Applications/MAMP/htdocs/educate/App/Admin/Controller/ClassController.class.php 第 55 行.
NOTIC: [8] Undefined variable: _map /Applications/MAMP/htdocs/educate/App/Admin/Controller/BaseController.class.php 第 64 行.
SQL: SELECT COUNT(*) AS tp_count FROM `tcla_code` LIMIT 1   [ RunTime:0.0003s ]
NOTIC: [8] Undefined variable: _map /Applications/MAMP/htdocs/educate/App/Admin/Controller/BaseController.class.php 第 83 行.
SQL: SELECT `cla_code`,`cla_name`,`pro_code` FROM `tcla_code` ORDER BY cla_code LIMIT 0,10   [ RunTime:0.0003s ]
INFO: [ view_parse ] --START--
INFO: [ template_filter ] --START--
INFO: Run Behavior\ContentReplaceBehavior [ RunTime:0.000039s ]
INFO: [ template_filter ] --END-- [ RunTime:0.000078s ]
INFO: Run Behavior\ParseTemplateBehavior [ RunTime:0.005127s ]
INFO: [ view_parse ] --END-- [ RunTime:0.005169s ]
INFO: [ view_filter ] --START--
INFO: Run Behavior\WriteHtmlCacheBehavior [ RunTime:0.000157s ]
INFO: [ view_filter ] --END-- [ RunTime:0.000186s ]
INFO: [ app_end ] --START--
INFO: Run Behavior\ShowPageTraceBehavior [ RunTime:0.000413s ]
INFO: [ app_end ] --END-- [ RunTime:0.000446s ]

[ 2017-06-10T11:46:59+08:00 ] 192.168.43.117 /educate/index.php/Admin/system/set_course.html
INFO: [ app_init ] --START--
INFO: Run Behavior\BuildLiteBehavior [ RunTime:0.000011s ]
INFO: [ app_init ] --END-- [ RunTime:0.000272s ]
INFO: [ app_begin ] --START--
INFO: Run Behavior\ReadHtmlCacheBehavior [ RunTime:0.000357s ]
INFO: [ app_begin ] --END-- [ RunTime:0.000394s ]
SQL: SHOW COLUMNS FROM `tcou_information` [ RunTime:0.0032s ]
NOTIC: [8] Undefined index: value /Applications/MAMP/htdocs/educate/App/Admin/Controller/SystemController.class.php 第 15 行.
NOTIC: [8] Undefined variable: condition /Applications/MAMP/htdocs/educate/App/Admin/Controller/SystemController.class.php 第 16 行.
NOTIC: [8] Undefined variable: _map /Applications/MAMP/htdocs/educate/App/Admin/Controller/BaseController.class.php 第 64 行.
SQL: SELECT COUNT(*) AS tp_count FROM `tcou_information` left join ttea_information ON ttea_information.tea_idnum = tcou_information.tea_idnum left join tcou_classification ON tcou_classification.cou_code = tcou_information.cou_code  LIMIT 1   [ RunTime:0.0005s ]
NOTIC: [8] Undefined variable: _map /Applications/MAMP/htdocs/educate/App/Admin/Controller/BaseController.class.php 第 83 行.
SQL: SELECT `cou_number`,`cou_place`,`cou_time`,`cou_name`,`cou_term`,`cou_total`,`cou_flag`,`tea_name` FROM `tcou_information` left join ttea_information ON ttea_information.tea_idnum = tcou_information.tea_idnum left join tcou_classification ON tcou_classification.cou_code = tcou_information.cou_code  ORDER BY cou_flag LIMIT 0,10   [ RunTime:0.0005s ]
INFO: [ view_parse ] --START--
INFO: [ template_filter ] --START--
INFO: Run Behavior\ContentReplaceBehavior [ RunTime:0.000054s ]
INFO: [ template_filter ] --END-- [ RunTime:0.000091s ]
NOTIC: [8] Undefined variable: value /Applications/MAMP/htdocs/educate/Runtime/Cache/Admin/f15b1950463c5b42154a86006ae3b693.php 第 44 行.
INFO: Run Behavior\ParseTemplateBehavior [ RunTime:0.004701s ]
INFO: [ view_parse ] --END-- [ RunTime:0.004733s ]
INFO: [ view_filter ] --START--
INFO: Run Behavior\WriteHtmlCacheBehavior [ RunTime:0.000122s ]
INFO: [ view_filter ] --END-- [ RunTime:0.000149s ]
INFO: [ app_end ] --START--
INFO: Run Behavior\ShowPageTraceBehavior [ RunTime:0.000407s ]
INFO: [ app_end ] --END-- [ RunTime:0.000437s ]

[ 2017-06-10T11:50:57+08:00 ] 192.168.43.117 /educate/index.php/Admin/Adm/searchUser.html
INFO: [ app_init ] --START--
INFO: Run Behavior\BuildLiteBehavior [ RunTime:0.000010s ]
INFO: [ app_init ] --END-- [ RunTime:0.000275s ]
INFO: [ app_begin ] --START--
INFO: Run Behavior\ReadHtmlCacheBehavior [ RunTime:0.000363s ]
INFO: [ app_begin ] --END-- [ RunTime:0.000399s ]
SQL: SHOW COLUMNS FROM `tadm_information` [ RunTime:0.0013s ]
SQL: SELECT `adm_permission` FROM `tadm_information` WHERE `adm_name` = 'test' LIMIT 1   [ RunTime:0.0003s ]
INFO: [ app_end ] --START--
INFO: Run Behavior\ShowPageTraceBehavior [ RunTime:0.000482s ]
INFO: [ app_end ] --END-- [ RunTime:0.000522s ]

[ 2017-06-10T11:51:06+08:00 ] ::1 /educate/index.php/admin/login/login.html
INFO: [ app_init ] --START--
INFO: Run Behavior\BuildLiteBehavior [ RunTime:0.000012s ]
INFO: [ app_init ] --END-- [ RunTime:0.000297s ]
INFO: [ app_begin ] --START--
INFO: Run Behavior\ReadHtmlCacheBehavior [ RunTime:0.000356s ]
INFO: [ app_begin ] --END-- [ RunTime:0.000388s ]
INFO: [ view_parse ] --START--
INFO: [ template_filter ] --START--
INFO: Run Behavior\ContentReplaceBehavior [ RunTime:0.000038s ]
INFO: [ template_filter ] --END-- [ RunTime:0.000083s ]
INFO: Run Behavior\ParseTemplateBehavior [ RunTime:0.004440s ]
INFO: [ view_parse ] --END-- [ RunTime:0.004473s ]
INFO: [ view_filter ] --START--
INFO: Run Behavior\WriteHtmlCacheBehavior [ RunTime:0.000122s ]
INFO: [ view_filter ] --END-- [ RunTime:0.000148s ]
INFO: [ app_end ] --START--
INFO: Run Behavior\ShowPageTraceBehavior [ RunTime:0.000387s ]
INFO: [ app_end ] --END-- [ RunTime:0.000417s ]

[ 2017-06-10T11:51:17+08:00 ] ::1 /educate/index.php/Admin/Login/login.html
INFO: [ app_init ] --START--
INFO: Run Behavior\BuildLiteBehavior [ RunTime:0.000011s ]
INFO: [ app_init ] --END-- [ RunTime:0.000270s ]
INFO: [ app_begin ] --START--
INFO: Run Behavior\ReadHtmlCacheBehavior [ RunTime:0.000354s ]
INFO: [ app_begin ] --END-- [ RunTime:0.000390s ]
SQL: SHOW COLUMNS FROM `tadm_information` [ RunTime:0.0015s ]
SQL: SELECT COUNT(*) AS tp_count FROM `tadm_information` WHERE `adm_name` = 'admin' LIMIT 1   [ RunTime:0.0003s ]
SQL: SELECT `adm_password` FROM `tadm_information` WHERE `adm_name` = 'admin' LIMIT 1   [ RunTime:0.0003s ]
INFO: [ view_parse ] --START--
INFO: [ template_filter ] --START--
INFO: Run Behavior\ContentReplaceBehavior [ RunTime:0.000041s ]
INFO: [ template_filter ] --END-- [ RunTime:0.000081s ]
INFO: Run Behavior\ParseTemplateBehavior [ RunTime:0.004135s ]
INFO: [ view_parse ] --END-- [ RunTime:0.004183s ]
INFO: [ view_filter ] --START--
INFO: Run Behavior\WriteHtmlCacheBehavior [ RunTime:0.000126s ]
INFO: [ view_filter ] --END-- [ RunTime:0.000153s ]
INFO: [ app_end ] --START--
INFO: Run Behavior\ShowPageTraceBehavior [ RunTime:0.000398s ]
INFO: [ app_end ] --END-- [ RunTime:0.000429s ]

[ 2017-06-10T11:51:18+08:00 ] ::1 /educate/index.php/Admin/Index/index.html
INFO: [ app_init ] --START--
INFO: Run Behavior\BuildLiteBehavior [ RunTime:0.000013s ]
INFO: [ app_init ] --END-- [ RunTime:0.000284s ]
INFO: [ app_begin ] --START--
INFO: Run Behavior\ReadHtmlCacheBehavior [ RunTime:0.000362s ]
INFO: [ app_begin ] --END-- [ RunTime:0.000398s ]
INFO: [ view_parse ] --START--
INFO: [ template_filter ] --START--
INFO: Run Behavior\ContentReplaceBehavior [ RunTime:0.000057s ]
INFO: [ template_filter ] --END-- [ RunTime:0.000095s ]
SQL: SHOW COLUMNS FROM `tadm_information` [ RunTime:0.0029s ]
SQL: SELECT `adm_permission` FROM `tadm_information` WHERE `adm_name` = 'admin' LIMIT 1   [ RunTime:0.0003s ]
SQL: SELECT `adm_permission` FROM `tadm_information` WHERE `adm_name` = 'admin' LIMIT 1   [ RunTime:0.0003s ]
INFO: Run Behavior\ParseTemplateBehavior [ RunTime:0.017767s ]
INFO: [ view_parse ] --END-- [ RunTime:0.017801s ]
INFO: [ view_filter ] --START--
INFO: Run Behavior\WriteHtmlCacheBehavior [ RunTime:0.000184s ]
INFO: [ view_filter ] --END-- [ RunTime:0.000215s ]
INFO: [ app_end ] --START--
INFO: Run Behavior\ShowPageTraceBehavior [ RunTime:0.000430s ]
INFO: [ app_end ] --END-- [ RunTime:0.000462s ]

[ 2017-06-10T11:51:18+08:00 ] ::1 /educate/index.php/Admin/Index/welcome1.html
INFO: [ app_init ] --START--
INFO: Run Behavior\BuildLiteBehavior [ RunTime:0.000014s ]
INFO: [ app_init ] --END-- [ RunTime:0.000334s ]
INFO: [ app_begin ] --START--
INFO: Run Behavior\ReadHtmlCacheBehavior [ RunTime:0.000412s ]
INFO: [ app_begin ] --END-- [ RunTime:0.000458s ]
INFO: [ view_parse ] --START--
INFO: [ template_filter ] --START--
INFO: Run Behavior\ContentReplaceBehavior [ RunTime:0.000027s ]
INFO: [ template_filter ] --END-- [ RunTime:0.000078s ]
INFO: Run Behavior\ParseTemplateBehavior [ RunTime:0.004662s ]
INFO: [ view_parse ] --END-- [ RunTime:0.004726s ]
INFO: [ view_filter ] --START--
INFO: Run Behavior\WriteHtmlCacheBehavior [ RunTime:0.000161s ]
INFO: [ view_filter ] --END-- [ RunTime:0.000191s ]
INFO: [ app_end ] --START--
INFO: Run Behavior\ShowPageTraceBehavior [ RunTime:0.000475s ]
INFO: [ app_end ] --END-- [ RunTime:0.000523s ]

[ 2017-06-10T11:51:26+08:00 ] ::1 /educate/index.php/Admin/Adm/searchUser.html
INFO: [ app_init ] --START--
INFO: Run Behavior\BuildLiteBehavior [ RunTime:0.000012s ]
INFO: [ app_init ] --END-- [ RunTime:0.000273s ]
INFO: [ app_begin ] --START--
INFO: Run Behavior\ReadHtmlCacheBehavior [ RunTime:0.000348s ]
INFO: [ app_begin ] --END-- [ RunTime:0.000383s ]
SQL: SHOW COLUMNS FROM `tadm_information` [ RunTime:0.0028s ]
SQL: SELECT `adm_permission` FROM `tadm_information` WHERE `adm_name` = 'admin' LIMIT 1   [ RunTime:0.0003s ]
NOTIC: [8] Undefined variable: condition /Applications/MAMP/htdocs/educate/App/Admin/Controller/AdmController.class.php 第 55 行.
NOTIC: [8] Undefined variable: _map /Applications/MAMP/htdocs/educate/App/Admin/Controller/BaseController.class.php 第 64 行.
SQL: SELECT COUNT(*) AS tp_count FROM `tadm_information` LIMIT 1   [ RunTime:0.0002s ]
NOTIC: [8] Undefined variable: _map /Applications/MAMP/htdocs/educate/App/Admin/Controller/BaseController.class.php 第 83 行.
SQL: SELECT `adm_name`,`adm_permission`,`adm_contact` FROM `tadm_information` ORDER BY adm_name LIMIT 0,10   [ RunTime:0.0004s ]
INFO: [ view_parse ] --START--
INFO: [ template_filter ] --START--
INFO: Run Behavior\ContentReplaceBehavior [ RunTime:0.000043s ]
INFO: [ template_filter ] --END-- [ RunTime:0.000083s ]
INFO: Run Behavior\ParseTemplateBehavior [ RunTime:0.004936s ]
INFO: [ view_parse ] --END-- [ RunTime:0.004983s ]
INFO: [ view_filter ] --START--
INFO: Run Behavior\WriteHtmlCacheBehavior [ RunTime:0.000148s ]
INFO: [ view_filter ] --END-- [ RunTime:0.000177s ]
INFO: [ app_end ] --START--
INFO: Run Behavior\ShowPageTraceBehavior [ RunTime:0.000405s ]
INFO: [ app_end ] --END-- [ RunTime:0.000435s ]

[ 2017-06-10T11:51:29+08:00 ] ::1 /educate/index.php/Admin/Adm/showUserInfo.html?adm_name=test
INFO: [ app_init ] --START--
INFO: Run Behavior\BuildLiteBehavior [ RunTime:0.000011s ]
INFO: [ app_init ] --END-- [ RunTime:0.000275s ]
INFO: [ app_begin ] --START--
INFO: Run Behavior\ReadHtmlCacheBehavior [ RunTime:0.000353s ]
INFO: [ app_begin ] --END-- [ RunTime:0.000387s ]
SQL: SHOW COLUMNS FROM `tadm_information` [ RunTime:0.0013s ]
SQL: SELECT `adm_permission` FROM `tadm_information` WHERE `adm_name` = 'admin' LIMIT 1   [ RunTime:0.0003s ]
SQL: SELECT * FROM `tadm_information` WHERE `adm_name` = 'test' LIMIT 1   [ RunTime:0.0003s ]
INFO: [ view_parse ] --START--
INFO: [ template_filter ] --START--
INFO: Run Behavior\ContentReplaceBehavior [ RunTime:0.000048s ]
INFO: [ template_filter ] --END-- [ RunTime:0.000091s ]
INFO: Run Behavior\ParseTemplateBehavior [ RunTime:0.004496s ]
INFO: [ view_parse ] --END-- [ RunTime:0.004533s ]
INFO: [ view_filter ] --START--
INFO: Run Behavior\WriteHtmlCacheBehavior [ RunTime:0.000125s ]
INFO: [ view_filter ] --END-- [ RunTime:0.000151s ]
INFO: [ app_end ] --START--
INFO: Run Behavior\ShowPageTraceBehavior [ RunTime:0.000396s ]
INFO: [ app_end ] --END-- [ RunTime:0.000426s ]

[ 2017-06-10T11:51:34+08:00 ] ::1 /educate/index.php/Admin/Adm/changeUserInfo.html
INFO: [ app_init ] --START--
INFO: Run Behavior\BuildLiteBehavior [ RunTime:0.000011s ]
INFO: [ app_init ] --END-- [ RunTime:0.000265s ]
INFO: [ app_begin ] --START--
INFO: Run Behavior\ReadHtmlCacheBehavior [ RunTime:0.000381s ]
INFO: [ app_begin ] --END-- [ RunTime:0.000420s ]
SQL: SHOW COLUMNS FROM `tadm_information` [ RunTime:0.0036s ]
SQL: SELECT `adm_permission` FROM `tadm_information` WHERE `adm_name` = 'admin' LIMIT 1   [ RunTime:0.0004s ]
SQL: UPDATE `tadm_information` SET `adm_idcard`='500238199408093270',`adm_contact`='10086',`adm_permission`='0',`adm_password`='000000' WHERE `adm_name` = 'test' [ RunTime:0.0005s ]
INFO: [ view_parse ] --START--
INFO: [ template_filter ] --START--
INFO: Run Behavior\ContentReplaceBehavior [ RunTime:0.000040s ]
INFO: [ template_filter ] --END-- [ RunTime:0.000082s ]
INFO: Run Behavior\ParseTemplateBehavior [ RunTime:0.003976s ]
INFO: [ view_parse ] --END-- [ RunTime:0.004016s ]
INFO: [ view_filter ] --START--
INFO: Run Behavior\WriteHtmlCacheBehavior [ RunTime:0.000124s ]
INFO: [ view_filter ] --END-- [ RunTime:0.000151s ]
INFO: [ app_end ] --START--
INFO: Run Behavior\ShowPageTraceBehavior [ RunTime:0.000465s ]
INFO: [ app_end ] --END-- [ RunTime:0.000511s ]

[ 2017-06-10T11:51:35+08:00 ] ::1 /educate/index.php/Admin/Adm/showUserInfo.html?adm_name=test
INFO: [ app_init ] --START--
INFO: Run Behavior\BuildLiteBehavior [ RunTime:0.000013s ]
INFO: [ app_init ] --END-- [ RunTime:0.000297s ]
INFO: [ app_begin ] --START--
INFO: Run Behavior\ReadHtmlCacheBehavior [ RunTime:0.000413s ]
INFO: [ app_begin ] --END-- [ RunTime:0.000467s ]
SQL: SHOW COLUMNS FROM `tadm_information` [ RunTime:0.0017s ]
SQL: SELECT `adm_permission` FROM `tadm_information` WHERE `adm_name` = 'admin' LIMIT 1   [ RunTime:0.0003s ]
SQL: SELECT * FROM `tadm_information` WHERE `adm_name` = 'test' LIMIT 1   [ RunTime:0.0003s ]
INFO: [ view_parse ] --START--
INFO: [ template_filter ] --START--
INFO: Run Behavior\ContentReplaceBehavior [ RunTime:0.000045s ]
INFO: [ template_filter ] --END-- [ RunTime:0.000083s ]
INFO: Run Behavior\ParseTemplateBehavior [ RunTime:0.004099s ]
INFO: [ view_parse ] --END-- [ RunTime:0.004136s ]
INFO: [ view_filter ] --START--
INFO: Run Behavior\WriteHtmlCacheBehavior [ RunTime:0.000119s ]
INFO: [ view_filter ] --END-- [ RunTime:0.000145s ]
INFO: [ app_end ] --START--
INFO: Run Behavior\ShowPageTraceBehavior [ RunTime:0.000726s ]
INFO: [ app_end ] --END-- [ RunTime:0.000785s ]

[ 2017-06-10T11:51:57+08:00 ] ::1 /educate/index.php/Admin/Adm/addUser.html
INFO: [ app_init ] --START--
INFO: Run Behavior\BuildLiteBehavior [ RunTime:0.000042s ]
INFO: [ app_init ] --END-- [ RunTime:0.000300s ]
INFO: [ app_begin ] --START--
INFO: Run Behavior\ReadHtmlCacheBehavior [ RunTime:0.000612s ]
INFO: [ app_begin ] --END-- [ RunTime:0.000661s ]
SQL: SHOW COLUMNS FROM `tadm_information` [ RunTime:0.0013s ]
SQL: SELECT `adm_permission` FROM `tadm_information` WHERE `adm_name` = 'admin' LIMIT 1   [ RunTime:0.0003s ]
INFO: [ view_parse ] --START--
INFO: [ template_filter ] --START--
INFO: Run Behavior\ContentReplaceBehavior [ RunTime:0.000047s ]
INFO: [ template_filter ] --END-- [ RunTime:0.000089s ]
INFO: Run Behavior\ParseTemplateBehavior [ RunTime:0.004398s ]
INFO: [ view_parse ] --END-- [ RunTime:0.004435s ]
INFO: [ view_filter ] --START--
INFO: Run Behavior\WriteHtmlCacheBehavior [ RunTime:0.000123s ]
INFO: [ view_filter ] --END-- [ RunTime:0.000149s ]
INFO: [ app_end ] --START--
INFO: Run Behavior\ShowPageTraceBehavior [ RunTime:0.000438s ]
INFO: [ app_end ] --END-- [ RunTime:0.000469s ]

[ 2017-06-10T11:51:59+08:00 ] ::1 /educate/index.php/Admin/Adm/searchUser.html
INFO: [ app_init ] --START--
INFO: Run Behavior\BuildLiteBehavior [ RunTime:0.000011s ]
INFO: [ app_init ] --END-- [ RunTime:0.000262s ]
INFO: [ app_begin ] --START--
INFO: Run Behavior\ReadHtmlCacheBehavior [ RunTime:0.000343s ]
INFO: [ app_begin ] --END-- [ RunTime:0.000377s ]
SQL: SHOW COLUMNS FROM `tadm_information` [ RunTime:0.0024s ]
SQL: SELECT `adm_permission` FROM `tadm_information` WHERE `adm_name` = 'admin' LIMIT 1   [ RunTime:0.0003s ]
NOTIC: [8] Undefined variable: condition /Applications/MAMP/htdocs/educate/App/Admin/Controller/AdmController.class.php 第 55 行.
NOTIC: [8] Undefined variable: _map /Applications/MAMP/htdocs/educate/App/Admin/Controller/BaseController.class.php 第 64 行.
SQL: SELECT COUNT(*) AS tp_count FROM `tadm_information` LIMIT 1   [ RunTime:0.0004s ]
NOTIC: [8] Undefined variable: _map /Applications/MAMP/htdocs/educate/App/Admin/Controller/BaseController.class.php 第 83 行.
SQL: SELECT `adm_name`,`adm_permission`,`adm_contact` FROM `tadm_information` ORDER BY adm_name LIMIT 0,10   [ RunTime:0.0003s ]
INFO: [ view_parse ] --START--
INFO: [ template_filter ] --START--
INFO: Run Behavior\ContentReplaceBehavior [ RunTime:0.000044s ]
INFO: [ template_filter ] --END-- [ RunTime:0.000087s ]
INFO: Run Behavior\ParseTemplateBehavior [ RunTime:0.004939s ]
INFO: [ view_parse ] --END-- [ RunTime:0.005011s ]
INFO: [ view_filter ] --START--
INFO: Run Behavior\WriteHtmlCacheBehavior [ RunTime:0.000304s ]
INFO: [ view_filter ] --END-- [ RunTime:0.000360s ]
INFO: [ app_end ] --START--
INFO: Run Behavior\ShowPageTraceBehavior [ RunTime:0.000883s ]
INFO: [ app_end ] --END-- [ RunTime:0.001010s ]

[ 2017-06-10T11:51:59+08:00 ] ::1 /educate/index.php/Admin/Adm/addUser.html
INFO: [ app_init ] --START--
INFO: Run Behavior\BuildLiteBehavior [ RunTime:0.000019s ]
INFO: [ app_init ] --END-- [ RunTime:0.000552s ]
INFO: [ app_begin ] --START--
INFO: Run Behavior\ReadHtmlCacheBehavior [ RunTime:0.001093s ]
INFO: [ app_begin ] --END-- [ RunTime:0.001239s ]
SQL: SHOW COLUMNS FROM `tadm_information` [ RunTime:0.0025s ]
SQL: SELECT `adm_permission` FROM `tadm_information` WHERE `adm_name` = 'admin' LIMIT 1   [ RunTime:0.0003s ]
INFO: [ view_parse ] --START--
INFO: [ template_filter ] --START--
INFO: Run Behavior\ContentReplaceBehavior [ RunTime:0.000046s ]
INFO: [ template_filter ] --END-- [ RunTime:0.000088s ]
INFO: Run Behavior\ParseTemplateBehavior [ RunTime:0.003968s ]
INFO: [ view_parse ] --END-- [ RunTime:0.004011s ]
INFO: [ view_filter ] --START--
INFO: Run Behavior\WriteHtmlCacheBehavior [ RunTime:0.000117s ]
INFO: [ view_filter ] --END-- [ RunTime:0.000144s ]
INFO: [ app_end ] --START--
INFO: Run Behavior\ShowPageTraceBehavior [ RunTime:0.000383s ]
INFO: [ app_end ] --END-- [ RunTime:0.000413s ]

[ 2017-06-10T11:52:00+08:00 ] ::1 /educate/index.php/Admin/Adm/showPersonInfo.html
INFO: [ app_init ] --START--
INFO: Run Behavior\BuildLiteBehavior [ RunTime:0.000014s ]
INFO: [ app_init ] --END-- [ RunTime:0.000354s ]
INFO: [ app_begin ] --START--
INFO: Run Behavior\ReadHtmlCacheBehavior [ RunTime:0.001084s ]
INFO: [ app_begin ] --END-- [ RunTime:0.001193s ]
SQL: SHOW COLUMNS FROM `tadm_information` [ RunTime:0.0019s ]
SQL: SELECT * FROM `tadm_information` WHERE `adm_name` = 'admin' LIMIT 1   [ RunTime:0.0005s ]
INFO: [ view_parse ] --START--
INFO: [ template_filter ] --START--
INFO: Run Behavior\ContentReplaceBehavior [ RunTime:0.000045s ]
INFO: [ template_filter ] --END-- [ RunTime:0.000082s ]
INFO: Run Behavior\ParseTemplateBehavior [ RunTime:0.004185s ]
INFO: [ view_parse ] --END-- [ RunTime:0.004222s ]
INFO: [ view_filter ] --START--
INFO: Run Behavior\WriteHtmlCacheBehavior [ RunTime:0.000118s ]
INFO: [ view_filter ] --END-- [ RunTime:0.000145s ]
INFO: [ app_end ] --START--
INFO: Run Behavior\ShowPageTraceBehavior [ RunTime:0.000421s ]
INFO: [ app_end ] --END-- [ RunTime:0.000473s ]

[ 2017-06-10T11:52:01+08:00 ] ::1 /educate/index.php/Admin/Adm/showAll.html
INFO: [ app_init ] --START--
INFO: Run Behavior\BuildLiteBehavior [ RunTime:0.000015s ]
INFO: [ app_init ] --END-- [ RunTime:0.000380s ]
INFO: [ app_begin ] --START--
INFO: Run Behavior\ReadHtmlCacheBehavior [ RunTime:0.000400s ]
INFO: [ app_begin ] --END-- [ RunTime:0.000438s ]
SQL: SHOW COLUMNS FROM `tadm_information` [ RunTime:0.0013s ]
NOTIC: [8] Undefined variable: _map /Applications/MAMP/htdocs/educate/App/Admin/Controller/BaseController.class.php 第 64 行.
SQL: SELECT COUNT(*) AS tp_count FROM `tadm_information` LIMIT 1   [ RunTime:0.0003s ]
NOTIC: [8] Undefined variable: _map /Applications/MAMP/htdocs/educate/App/Admin/Controller/BaseController.class.php 第 83 行.
SQL: SELECT `adm_name`,`adm_idcard`,`adm_contact`,`adm_permission` FROM `tadm_information` ORDER BY adm_name LIMIT 0,10   [ RunTime:0.0004s ]
INFO: [ view_parse ] --START--
INFO: [ template_filter ] --START--
INFO: Run Behavior\ContentReplaceBehavior [ RunTime:0.000029s ]
INFO: [ template_filter ] --END-- [ RunTime:0.000076s ]
INFO: Run Behavior\ParseTemplateBehavior [ RunTime:0.006979s ]
INFO: [ view_parse ] --END-- [ RunTime:0.007021s ]
INFO: [ view_filter ] --START--
INFO: Run Behavior\WriteHtmlCacheBehavior [ RunTime:0.000139s ]
INFO: [ view_filter ] --END-- [ RunTime:0.000168s ]
INFO: [ app_end ] --START--
INFO: Run Behavior\ShowPageTraceBehavior [ RunTime:0.000440s ]
INFO: [ app_end ] --END-- [ RunTime:0.000473s ]

[ 2017-06-10T11:52:02+08:00 ] ::1 /educate/index.php/Admin/Adm/addUser.html
INFO: [ app_init ] --START--
INFO: Run Behavior\BuildLiteBehavior [ RunTime:0.000011s ]
INFO: [ app_init ] --END-- [ RunTime:0.000267s ]
INFO: [ app_begin ] --START--
INFO: Run Behavior\ReadHtmlCacheBehavior [ RunTime:0.000343s ]
INFO: [ app_begin ] --END-- [ RunTime:0.000379s ]
SQL: SHOW COLUMNS FROM `tadm_information` [ RunTime:0.0031s ]
SQL: SELECT `adm_permission` FROM `tadm_information` WHERE `adm_name` = 'admin' LIMIT 1   [ RunTime:0.0003s ]
INFO: [ view_parse ] --START--
INFO: [ template_filter ] --START--
INFO: Run Behavior\ContentReplaceBehavior [ RunTime:0.000046s ]
INFO: [ template_filter ] --END-- [ RunTime:0.000089s ]
INFO: Run Behavior\ParseTemplateBehavior [ RunTime:0.004040s ]
INFO: [ view_parse ] --END-- [ RunTime:0.004078s ]
INFO: [ view_filter ] --START--
INFO: Run Behavior\WriteHtmlCacheBehavior [ RunTime:0.000121s ]
INFO: [ view_filter ] --END-- [ RunTime:0.000148s ]
INFO: [ app_end ] --START--
INFO: Run Behavior\ShowPageTraceBehavior [ RunTime:0.000429s ]
INFO: [ app_end ] --END-- [ RunTime:0.000461s ]

[ 2017-06-10T11:52:03+08:00 ] ::1 /educate/index.php/Admin/Adm/searchUser.html
INFO: [ app_init ] --START--
INFO: Run Behavior\BuildLiteBehavior [ RunTime:0.000012s ]
INFO: [ app_init ] --END-- [ RunTime:0.000273s ]
INFO: [ app_begin ] --START--
INFO: Run Behavior\ReadHtmlCacheBehavior [ RunTime:0.000351s ]
INFO: [ app_begin ] --END-- [ RunTime:0.000386s ]
SQL: SHOW COLUMNS FROM `tadm_information` [ RunTime:0.0031s ]
SQL: SELECT `adm_permission` FROM `tadm_information` WHERE `adm_name` = 'admin' LIMIT 1   [ RunTime:0.0003s ]
NOTIC: [8] Undefined variable: condition /Applications/MAMP/htdocs/educate/App/Admin/Controller/AdmController.class.php 第 55 行.
NOTIC: [8] Undefined variable: _map /Applications/MAMP/htdocs/educate/App/Admin/Controller/BaseController.class.php 第 64 行.
SQL: SELECT COUNT(*) AS tp_count FROM `tadm_information` LIMIT 1   [ RunTime:0.0002s ]
NOTIC: [8] Undefined variable: _map /Applications/MAMP/htdocs/educate/App/Admin/Controller/BaseController.class.php 第 83 行.
SQL: SELECT `adm_name`,`adm_permission`,`adm_contact` FROM `tadm_information` ORDER BY adm_name LIMIT 0,10   [ RunTime:0.0003s ]
INFO: [ view_parse ] --START--
INFO: [ template_filter ] --START--
INFO: Run Behavior\ContentReplaceBehavior [ RunTime:0.000044s ]
INFO: [ template_filter ] --END-- [ RunTime:0.000082s ]
INFO: Run Behavior\ParseTemplateBehavior [ RunTime:0.004571s ]
INFO: [ view_parse ] --END-- [ RunTime:0.004611s ]
INFO: [ view_filter ] --START--
INFO: Run Behavior\WriteHtmlCacheBehavior [ RunTime:0.000121s ]
INFO: [ view_filter ] --END-- [ RunTime:0.000148s ]
INFO: [ app_end ] --START--
INFO: Run Behavior\ShowPageTraceBehavior [ RunTime:0.000396s ]
INFO: [ app_end ] --END-- [ RunTime:0.000427s ]

[ 2017-06-10T11:52:04+08:00 ] ::1 /educate/index.php/Admin/Teacher/searchTeacher.html
INFO: [ app_init ] --START--
INFO: Run Behavior\BuildLiteBehavior [ RunTime:0.000014s ]
INFO: [ app_init ] --END-- [ RunTime:0.000346s ]
INFO: [ app_begin ] --START--
INFO: Run Behavior\ReadHtmlCacheBehavior [ RunTime:0.000474s ]
INFO: [ app_begin ] --END-- [ RunTime:0.000538s ]
SQL: SHOW COLUMNS FROM `ttea_information` [ RunTime:0.0014s ]
NOTIC: [8] Undefined index: name /Applications/MAMP/htdocs/educate/App/Admin/Controller/TeacherController.class.php 第 18 行.
NOTIC: [8] Undefined variable: condition /Applications/MAMP/htdocs/educate/App/Admin/Controller/TeacherController.class.php 第 19 行.
NOTIC: [8] Undefined variable: _map /Applications/MAMP/htdocs/educate/App/Admin/Controller/BaseController.class.php 第 64 行.
SQL: SELECT COUNT(*) AS tp_count FROM `ttea_information` left join  tpro_classification ON tpro_classification.pro_code = ttea_information.pro_code  LIMIT 1   [ RunTime:0.0004s ]
NOTIC: [8] Undefined variable: _map /Applications/MAMP/htdocs/educate/App/Admin/Controller/BaseController.class.php 第 83 行.
SQL: SELECT `tea_name`,`tea_idnum`,`pro_name`,`tea_enrol` FROM `ttea_information` left join  tpro_classification ON tpro_classification.pro_code = ttea_information.pro_code  ORDER BY tea_enrol LIMIT 0,10   [ RunTime:0.0011s ]
INFO: [ view_parse ] --START--
INFO: [ template_filter ] --START--
INFO: Run Behavior\ContentReplaceBehavior [ RunTime:0.000046s ]
INFO: [ template_filter ] --END-- [ RunTime:0.000087s ]
NOTIC: [8] Undefined variable: value /Applications/MAMP/htdocs/educate/Runtime/Cache/Admin/50cdd8883da8bfb4aa37f402bf0a5c2c.php 第 38 行.
INFO: Run Behavior\ParseTemplateBehavior [ RunTime:0.005534s ]
INFO: [ view_parse ] --END-- [ RunTime:0.005575s ]
INFO: [ view_filter ] --START--
INFO: Run Behavior\WriteHtmlCacheBehavior [ RunTime:0.000129s ]
INFO: [ view_filter ] --END-- [ RunTime:0.000156s ]
INFO: [ app_end ] --START--
INFO: Run Behavior\ShowPageTraceBehavior [ RunTime:0.000566s ]
INFO: [ app_end ] --END-- [ RunTime:0.000640s ]

[ 2017-06-10T11:52:05+08:00 ] ::1 /educate/index.php/Admin/Adm/searchUser.html
INFO: [ app_init ] --START--
INFO: Run Behavior\BuildLiteBehavior [ RunTime:0.000021s ]
INFO: [ app_init ] --END-- [ RunTime:0.000491s ]
INFO: [ app_begin ] --START--
INFO: Run Behavior\ReadHtmlCacheBehavior [ RunTime:0.000624s ]
INFO: [ app_begin ] --END-- [ RunTime:0.000712s ]
SQL: SHOW COLUMNS FROM `tadm_information` [ RunTime:0.0036s ]
SQL: SELECT `adm_permission` FROM `tadm_information` WHERE `adm_name` = 'admin' LIMIT 1   [ RunTime:0.0003s ]
NOTIC: [8] Undefined variable: condition /Applications/MAMP/htdocs/educate/App/Admin/Controller/AdmController.class.php 第 55 行.
NOTIC: [8] Undefined variable: _map /Applications/MAMP/htdocs/educate/App/Admin/Controller/BaseController.class.php 第 64 行.
SQL: SELECT COUNT(*) AS tp_count FROM `tadm_information` LIMIT 1   [ RunTime:0.0002s ]
NOTIC: [8] Undefined variable: _map /Applications/MAMP/htdocs/educate/App/Admin/Controller/BaseController.class.php 第 83 行.
SQL: SELECT `adm_name`,`adm_permission`,`adm_contact` FROM `tadm_information` ORDER BY adm_name LIMIT 0,10   [ RunTime:0.0004s ]
INFO: [ view_parse ] --START--
INFO: [ template_filter ] --START--
INFO: Run Behavior\ContentReplaceBehavior [ RunTime:0.000043s ]
INFO: [ template_filter ] --END-- [ RunTime:0.000084s ]
INFO: Run Behavior\ParseTemplateBehavior [ RunTime:0.005981s ]
INFO: [ view_parse ] --END-- [ RunTime:0.006030s ]
INFO: [ view_filter ] --START--
INFO: Run Behavior\WriteHtmlCacheBehavior [ RunTime:0.000148s ]
INFO: [ view_filter ] --END-- [ RunTime:0.000180s ]
INFO: [ app_end ] --START--
INFO: Run Behavior\ShowPageTraceBehavior [ RunTime:0.000504s ]
INFO: [ app_end ] --END-- [ RunTime:0.000542s ]

[ 2017-06-10T11:52:06+08:00 ] ::1 /educate/index.php/Admin/Students/searchStudent.html
INFO: [ app_init ] --START--
INFO: Run Behavior\BuildLiteBehavior [ RunTime:0.000012s ]
INFO: [ app_init ] --END-- [ RunTime:0.000298s ]
INFO: [ app_begin ] --START--
INFO: Run Behavior\ReadHtmlCacheBehavior [ RunTime:0.000451s ]
INFO: [ app_begin ] --END-- [ RunTime:0.000514s ]
SQL: SHOW COLUMNS FROM `tstu_information` [ RunTime:0.0022s ]
NOTIC: [8] Undefined index: name /Applications/MAMP/htdocs/educate/App/Admin/Controller/StudentsController.class.php 第 39 行.
NOTIC: [8] Undefined variable: condition /Applications/MAMP/htdocs/educate/App/Admin/Controller/StudentsController.class.php 第 40 行.
NOTIC: [8] Undefined variable: _map /Applications/MAMP/htdocs/educate/App/Admin/Controller/BaseController.class.php 第 64 行.
SQL: SELECT COUNT(*) AS tp_count FROM `tstu_information` left join tcla_code ON tstu_information.stu_class = tcla_code.cla_code  LIMIT 1   [ RunTime:0.0004s ]
NOTIC: [8] Undefined variable: _map /Applications/MAMP/htdocs/educate/App/Admin/Controller/BaseController.class.php 第 83 行.
SQL: SELECT `stu_name`,`stu_idnum`,`cla_name`,`stu_enrol` FROM `tstu_information` left join tcla_code ON tstu_information.stu_class = tcla_code.cla_code  ORDER BY stu_enrol LIMIT 0,10   [ RunTime:0.0007s ]
INFO: [ view_parse ] --START--
INFO: [ template_filter ] --START--
INFO: Run Behavior\ContentReplaceBehavior [ RunTime:0.000045s ]
INFO: [ template_filter ] --END-- [ RunTime:0.000088s ]
NOTIC: [8] Undefined variable: value /Applications/MAMP/htdocs/educate/Runtime/Cache/Admin/a2ea40353935946ab2f6826bd6178225.php 第 38 行.
INFO: Run Behavior\ParseTemplateBehavior [ RunTime:0.006905s ]
INFO: [ view_parse ] --END-- [ RunTime:0.006947s ]
INFO: [ view_filter ] --START--
INFO: Run Behavior\WriteHtmlCacheBehavior [ RunTime:0.000157s ]
INFO: [ view_filter ] --END-- [ RunTime:0.000186s ]
INFO: [ app_end ] --START--
INFO: Run Behavior\ShowPageTraceBehavior [ RunTime:0.000423s ]
INFO: [ app_end ] --END-- [ RunTime:0.000455s ]

[ 2017-06-10T11:52:07+08:00 ] ::1 /educate/index.php/Admin/Teacher/searchTeacher.html
INFO: [ app_init ] --START--
INFO: Run Behavior\BuildLiteBehavior [ RunTime:0.000049s ]
INFO: [ app_init ] --END-- [ RunTime:0.001253s ]
INFO: [ app_begin ] --START--
INFO: Run Behavior\ReadHtmlCacheBehavior [ RunTime:0.000899s ]
INFO: [ app_begin ] --END-- [ RunTime:0.000988s ]
SQL: SHOW COLUMNS FROM `ttea_information` [ RunTime:0.0026s ]
NOTIC: [8] Undefined index: name /Applications/MAMP/htdocs/educate/App/Admin/Controller/TeacherController.class.php 第 18 行.
NOTIC: [8] Undefined variable: condition /Applications/MAMP/htdocs/educate/App/Admin/Controller/TeacherController.class.php 第 19 行.
NOTIC: [8] Undefined variable: _map /Applications/MAMP/htdocs/educate/App/Admin/Controller/BaseController.class.php 第 64 行.
SQL: SELECT COUNT(*) AS tp_count FROM `ttea_information` left join  tpro_classification ON tpro_classification.pro_code = ttea_information.pro_code  LIMIT 1   [ RunTime:0.0005s ]
NOTIC: [8] Undefined variable: _map /Applications/MAMP/htdocs/educate/App/Admin/Controller/BaseController.class.php 第 83 行.
SQL: SELECT `tea_name`,`tea_idnum`,`pro_name`,`tea_enrol` FROM `ttea_information` left join  tpro_classification ON tpro_classification.pro_code = ttea_information.pro_code  ORDER BY tea_enrol LIMIT 0,10   [ RunTime:0.0005s ]
INFO: [ view_parse ] --START--
INFO: [ template_filter ] --START--
INFO: Run Behavior\ContentReplaceBehavior [ RunTime:0.000044s ]
INFO: [ template_filter ] --END-- [ RunTime:0.000084s ]
NOTIC: [8] Undefined variable: value /Applications/MAMP/htdocs/educate/Runtime/Cache/Admin/50cdd8883da8bfb4aa37f402bf0a5c2c.php 第 38 行.
INFO: Run Behavior\ParseTemplateBehavior [ RunTime:0.004986s ]
INFO: [ view_parse ] --END-- [ RunTime:0.005021s ]
INFO: [ view_filter ] --START--
INFO: Run Behavior\WriteHtmlCacheBehavior [ RunTime:0.000129s ]
INFO: [ view_filter ] --END-- [ RunTime:0.000156s ]
INFO: [ app_end ] --START--
INFO: Run Behavior\ShowPageTraceBehavior [ RunTime:0.000905s ]
INFO: [ app_end ] --END-- [ RunTime:0.000977s ]

[ 2017-06-10T11:52:07+08:00 ] ::1 /educate/index.php/Admin/Adm/searchUser.html
INFO: [ app_init ] --START--
INFO: Run Behavior\BuildLiteBehavior [ RunTime:0.000016s ]
INFO: [ app_init ] --END-- [ RunTime:0.000588s ]
INFO: [ app_begin ] --START--
INFO: Run Behavior\ReadHtmlCacheBehavior [ RunTime:0.000386s ]
INFO: [ app_begin ] --END-- [ RunTime:0.000425s ]
SQL: SHOW COLUMNS FROM `tadm_information` [ RunTime:0.0022s ]
SQL: SELECT `adm_permission` FROM `tadm_information` WHERE `adm_name` = 'admin' LIMIT 1   [ RunTime:0.0003s ]
NOTIC: [8] Undefined variable: condition /Applications/MAMP/htdocs/educate/App/Admin/Controller/AdmController.class.php 第 55 行.
NOTIC: [8] Undefined variable: _map /Applications/MAMP/htdocs/educate/App/Admin/Controller/BaseController.class.php 第 64 行.
SQL: SELECT COUNT(*) AS tp_count FROM `tadm_information` LIMIT 1   [ RunTime:0.0002s ]
NOTIC: [8] Undefined variable: _map /Applications/MAMP/htdocs/educate/App/Admin/Controller/BaseController.class.php 第 83 行.
SQL: SELECT `adm_name`,`adm_permission`,`adm_contact` FROM `tadm_information` ORDER BY adm_name LIMIT 0,10   [ RunTime:0.0005s ]
INFO: [ view_parse ] --START--
INFO: [ template_filter ] --START--
INFO: Run Behavior\ContentReplaceBehavior [ RunTime:0.000071s ]
INFO: [ template_filter ] --END-- [ RunTime:0.000157s ]
INFO: Run Behavior\ParseTemplateBehavior [ RunTime:0.011001s ]
INFO: [ view_parse ] --END-- [ RunTime:0.011066s ]
INFO: [ view_filter ] --START--
INFO: Run Behavior\WriteHtmlCacheBehavior [ RunTime:0.000205s ]
INFO: [ view_filter ] --END-- [ RunTime:0.000240s ]
INFO: [ app_end ] --START--
INFO: Run Behavior\ShowPageTraceBehavior [ RunTime:0.000410s ]
INFO: [ app_end ] --END-- [ RunTime:0.000443s ]

