[ 2017-06-05T00:02:04+08:00 ] ::1 /educate/index.php/email/index/
INFO: [ app_init ] --START--
INFO: Run Behavior\BuildLiteBehavior [ RunTime:0.000022s ]
INFO: [ app_init ] --END-- [ RunTime:0.000447s ]
INFO: [ app_begin ] --START--
INFO: Run Behavior\ReadHtmlCacheBehavior [ RunTime:0.000613s ]
INFO: [ app_begin ] --END-- [ RunTime:0.000695s ]
INFO: [ view_parse ] --START--
INFO: [ template_filter ] --START--
INFO: Run Behavior\ContentReplaceBehavior [ RunTime:0.000068s ]
INFO: [ template_filter ] --END-- [ RunTime:0.000115s ]
INFO: Run Behavior\ParseTemplateBehavior [ RunTime:0.005252s ]
INFO: [ view_parse ] --END-- [ RunTime:0.005314s ]
INFO: [ view_filter ] --START--
INFO: Run Behavior\WriteHtmlCacheBehavior [ RunTime:0.000154s ]
INFO: [ view_filter ] --END-- [ RunTime:0.000183s ]

[ 2017-06-05T00:02:45+08:00 ] ::1 /educate/index.php/email/index/
INFO: [ app_init ] --START--
INFO: Run Behavior\BuildLiteBehavior [ RunTime:0.000019s ]
INFO: [ app_init ] --END-- [ RunTime:0.000405s ]
INFO: [ app_begin ] --START--
INFO: Run Behavior\ReadHtmlCacheBehavior [ RunTime:0.000412s ]
INFO: [ app_begin ] --END-- [ RunTime:0.000451s ]
INFO: [ view_parse ] --START--
INFO: [ template_filter ] --START--
INFO: Run Behavior\ContentReplaceBehavior [ RunTime:0.000074s ]
INFO: [ template_filter ] --END-- [ RunTime:0.000123s ]
INFO: Run Behavior\ParseTemplateBehavior [ RunTime:0.006197s ]
INFO: [ view_parse ] --END-- [ RunTime:0.006255s ]
INFO: [ view_filter ] --START--
INFO: Run Behavior\WriteHtmlCacheBehavior [ RunTime:0.000148s ]
INFO: [ view_filter ] --END-- [ RunTime:0.000177s ]

[ 2017-06-05T00:04:04+08:00 ] ::1 /educate/index.php/email/index/
INFO: [ app_init ] --START--
INFO: Run Behavior\BuildLiteBehavior [ RunTime:0.000010s ]
INFO: [ app_init ] --END-- [ RunTime:0.000267s ]
INFO: [ app_begin ] --START--
INFO: Run Behavior\ReadHtmlCacheBehavior [ RunTime:0.001327s ]
INFO: [ app_begin ] --END-- [ RunTime:0.001401s ]
INFO: [ view_parse ] --START--
INFO: [ template_filter ] --START--
INFO: Run Behavior\ContentReplaceBehavior [ RunTime:0.000072s ]
INFO: [ template_filter ] --END-- [ RunTime:0.000117s ]
INFO: Run Behavior\ParseTemplateBehavior [ RunTime:0.006505s ]
INFO: [ view_parse ] --END-- [ RunTime:0.006570s ]
INFO: [ view_filter ] --START--
INFO: Run Behavior\WriteHtmlCacheBehavior [ RunTime:0.000204s ]
INFO: [ view_filter ] --END-- [ RunTime:0.000245s ]

[ 2017-06-05T00:18:08+08:00 ] ::1 /educate/index.php/email/index/
INFO: [ app_init ] --START--
INFO: Run Behavior\BuildLiteBehavior [ RunTime:0.000018s ]
INFO: [ app_init ] --END-- [ RunTime:0.000633s ]
INFO: [ app_begin ] --START--
INFO: Run Behavior\ReadHtmlCacheBehavior [ RunTime:0.000647s ]
INFO: [ app_begin ] --END-- [ RunTime:0.000699s ]
INFO: [ view_parse ] --START--
INFO: [ template_filter ] --START--
INFO: Run Behavior\ContentReplaceBehavior [ RunTime:0.000073s ]
INFO: [ template_filter ] --END-- [ RunTime:0.000124s ]
INFO: Run Behavior\ParseTemplateBehavior [ RunTime:0.008822s ]
INFO: [ view_parse ] --END-- [ RunTime:0.008883s ]
INFO: [ view_filter ] --START--
INFO: Run Behavior\WriteHtmlCacheBehavior [ RunTime:0.000372s ]
INFO: [ view_filter ] --END-- [ RunTime:0.000415s ]

[ 2017-06-05T00:20:48+08:00 ] ::1 /educate/index.php/email/index/
INFO: [ app_init ] --START--
INFO: Run Behavior\BuildLiteBehavior [ RunTime:0.000014s ]
INFO: [ app_init ] --END-- [ RunTime:0.000514s ]
INFO: [ app_begin ] --START--
INFO: Run Behavior\ReadHtmlCacheBehavior [ RunTime:0.000599s ]
INFO: [ app_begin ] --END-- [ RunTime:0.000647s ]
INFO: [ view_parse ] --START--
INFO: [ template_filter ] --START--
INFO: Run Behavior\ContentReplaceBehavior [ RunTime:0.000048s ]
INFO: [ template_filter ] --END-- [ RunTime:0.000104s ]
INFO: Run Behavior\ParseTemplateBehavior [ RunTime:0.008273s ]
INFO: [ view_parse ] --END-- [ RunTime:0.008355s ]
INFO: [ view_filter ] --START--
INFO: Run Behavior\WriteHtmlCacheBehavior [ RunTime:0.000507s ]
INFO: [ view_filter ] --END-- [ RunTime:0.000553s ]

[ 2017-06-05T00:21:22+08:00 ] ::1 /educate/index.php/email/index/
INFO: [ app_init ] --START--
INFO: Run Behavior\BuildLiteBehavior [ RunTime:0.000014s ]
INFO: [ app_init ] --END-- [ RunTime:0.000330s ]
INFO: [ app_begin ] --START--
INFO: Run Behavior\ReadHtmlCacheBehavior [ RunTime:0.000524s ]
INFO: [ app_begin ] --END-- [ RunTime:0.000573s ]
INFO: [ view_parse ] --START--
INFO: [ template_filter ] --START--
INFO: Run Behavior\ContentReplaceBehavior [ RunTime:0.000040s ]
INFO: [ template_filter ] --END-- [ RunTime:0.000087s ]
INFO: Run Behavior\ParseTemplateBehavior [ RunTime:0.005209s ]
INFO: [ view_parse ] --END-- [ RunTime:0.005311s ]
INFO: [ view_filter ] --START--
INFO: Run Behavior\WriteHtmlCacheBehavior [ RunTime:0.000155s ]
INFO: [ view_filter ] --END-- [ RunTime:0.000184s ]

[ 2017-06-05T00:24:44+08:00 ] ::1 /educate/index.php/email/index/
INFO: [ app_init ] --START--
INFO: Run Behavior\BuildLiteBehavior [ RunTime:0.000011s ]
INFO: [ app_init ] --END-- [ RunTime:0.000318s ]
INFO: [ app_begin ] --START--
INFO: Run Behavior\ReadHtmlCacheBehavior [ RunTime:0.000383s ]
INFO: [ app_begin ] --END-- [ RunTime:0.000421s ]
INFO: [ view_parse ] --START--
INFO: [ template_filter ] --START--
INFO: Run Behavior\ContentReplaceBehavior [ RunTime:0.000042s ]
INFO: [ template_filter ] --END-- [ RunTime:0.000089s ]
INFO: Run Behavior\ParseTemplateBehavior [ RunTime:0.005519s ]
INFO: [ view_parse ] --END-- [ RunTime:0.005575s ]
INFO: [ view_filter ] --START--
INFO: Run Behavior\WriteHtmlCacheBehavior [ RunTime:0.000146s ]
INFO: [ view_filter ] --END-- [ RunTime:0.000177s ]
NOTIC: [2] Cannot modify header information - headers already sent by (output started at /Applications/MAMP/htdocs/educate/ThinkPHP/Library/Vendor/PHPMailer/class.smtp.php:229) /Applications/MAMP/htdocs/educate/ThinkPHP/Library/Think/View.class.php 第 91 行.
NOTIC: [2] Cannot modify header information - headers already sent by (output started at /Applications/MAMP/htdocs/educate/ThinkPHP/Library/Vendor/PHPMailer/class.smtp.php:229) /Applications/MAMP/htdocs/educate/ThinkPHP/Library/Think/View.class.php 第 92 行.
NOTIC: [2] Cannot modify header information - headers already sent by (output started at /Applications/MAMP/htdocs/educate/ThinkPHP/Library/Vendor/PHPMailer/class.smtp.php:229) /Applications/MAMP/htdocs/educate/ThinkPHP/Library/Think/View.class.php 第 93 行.

[ 2017-06-05T00:25:30+08:00 ] ::1 /educate/index.php/email/index
INFO: [ app_init ] --START--
INFO: Run Behavior\BuildLiteBehavior [ RunTime:0.000016s ]
INFO: [ app_init ] --END-- [ RunTime:0.000432s ]
INFO: [ app_begin ] --START--
INFO: Run Behavior\ReadHtmlCacheBehavior [ RunTime:0.000637s ]
INFO: [ app_begin ] --END-- [ RunTime:0.000723s ]
INFO: [ app_end ] --START--
INFO: Run Behavior\ShowPageTraceBehavior [ RunTime:0.002166s ]
INFO: [ app_end ] --END-- [ RunTime:0.002275s ]

[ 2017-06-05T00:28:24+08:00 ] ::1 /educate/index.php/email/index
INFO: [ app_init ] --START--
INFO: Run Behavior\BuildLiteBehavior [ RunTime:0.000017s ]
INFO: [ app_init ] --END-- [ RunTime:0.001275s ]
INFO: [ app_begin ] --START--
INFO: Run Behavior\ReadHtmlCacheBehavior [ RunTime:0.000760s ]
INFO: [ app_begin ] --END-- [ RunTime:0.000833s ]
INFO: [ app_end ] --START--
INFO: Run Behavior\ShowPageTraceBehavior [ RunTime:0.002243s ]
INFO: [ app_end ] --END-- [ RunTime:0.002358s ]

[ 2017-06-05T00:28:28+08:00 ] ::1 /educate/index.php/email/index
INFO: [ app_init ] --START--
INFO: Run Behavior\BuildLiteBehavior [ RunTime:0.000025s ]
INFO: [ app_init ] --END-- [ RunTime:0.000615s ]
INFO: [ app_begin ] --START--
INFO: Run Behavior\ReadHtmlCacheBehavior [ RunTime:0.000609s ]
INFO: [ app_begin ] --END-- [ RunTime:0.000708s ]
INFO: [ app_end ] --START--
INFO: Run Behavior\ShowPageTraceBehavior [ RunTime:0.000846s ]
INFO: [ app_end ] --END-- [ RunTime:0.000939s ]

[ 2017-06-05T00:28:31+08:00 ] ::1 /educate/index.php/email/index
INFO: [ app_init ] --START--
INFO: Run Behavior\BuildLiteBehavior [ RunTime:0.000020s ]
INFO: [ app_init ] --END-- [ RunTime:0.000389s ]
INFO: [ app_begin ] --START--
INFO: Run Behavior\ReadHtmlCacheBehavior [ RunTime:0.000626s ]
INFO: [ app_begin ] --END-- [ RunTime:0.000723s ]
INFO: [ app_end ] --START--
INFO: Run Behavior\ShowPageTraceBehavior [ RunTime:0.000907s ]
INFO: [ app_end ] --END-- [ RunTime:0.001008s ]

[ 2017-06-05T00:32:45+08:00 ] ::1 /educate/index.php/email/index/
INFO: [ app_init ] --START--
INFO: Run Behavior\BuildLiteBehavior [ RunTime:0.000020s ]
INFO: [ app_init ] --END-- [ RunTime:0.000413s ]
INFO: [ app_begin ] --START--
INFO: Run Behavior\ReadHtmlCacheBehavior [ RunTime:0.000428s ]
INFO: [ app_begin ] --END-- [ RunTime:0.000466s ]
INFO: [ app_end ] --START--
INFO: Run Behavior\ShowPageTraceBehavior [ RunTime:0.000875s ]
INFO: [ app_end ] --END-- [ RunTime:0.000972s ]

[ 2017-06-05T00:34:39+08:00 ] ::1 /educate/index.php/email/index/
INFO: [ app_init ] --START--
INFO: Run Behavior\BuildLiteBehavior [ RunTime:0.000010s ]
INFO: [ app_init ] --END-- [ RunTime:0.000269s ]
INFO: [ app_begin ] --START--
INFO: Run Behavior\ReadHtmlCacheBehavior [ RunTime:0.000351s ]
INFO: [ app_begin ] --END-- [ RunTime:0.000387s ]
INFO: [ app_end ] --START--
INFO: Run Behavior\ShowPageTraceBehavior [ RunTime:0.000906s ]
INFO: [ app_end ] --END-- [ RunTime:0.001018s ]

[ 2017-06-05T00:35:29+08:00 ] ::1 /educate/index.php/email/index/
INFO: [ app_init ] --START--
INFO: Run Behavior\BuildLiteBehavior [ RunTime:0.000024s ]
INFO: [ app_init ] --END-- [ RunTime:0.000500s ]
INFO: [ app_begin ] --START--
INFO: Run Behavior\ReadHtmlCacheBehavior [ RunTime:0.000402s ]
INFO: [ app_begin ] --END-- [ RunTime:0.000450s ]
NOTIC: [2] stream_socket_client(): SSL operation failed with code 1. OpenSSL Error messages:
error:140770FC:SSL routines:SSL23_GET_SERVER_HELLO:unknown protocol /Applications/MAMP/htdocs/educate/ThinkPHP/Library/Vendor/PHPMailer/class.smtp.php 第 276 行.
NOTIC: [2] stream_socket_client(): Failed to enable crypto /Applications/MAMP/htdocs/educate/ThinkPHP/Library/Vendor/PHPMailer/class.smtp.php 第 276 行.
NOTIC: [2] stream_socket_client(): unable to connect to ssl://smtp.qq.com:25 (Unknown error) /Applications/MAMP/htdocs/educate/ThinkPHP/Library/Vendor/PHPMailer/class.smtp.php 第 276 行.
INFO: [ app_end ] --START--
INFO: Run Behavior\ShowPageTraceBehavior [ RunTime:0.000512s ]
INFO: [ app_end ] --END-- [ RunTime:0.000563s ]

[ 2017-06-05T00:37:15+08:00 ] ::1 /educate/index.php/email/index/
INFO: [ app_init ] --START--
INFO: Run Behavior\BuildLiteBehavior [ RunTime:0.000029s ]
INFO: [ app_init ] --END-- [ RunTime:0.000458s ]
INFO: [ app_begin ] --START--
INFO: Run Behavior\ReadHtmlCacheBehavior [ RunTime:0.000499s ]
INFO: [ app_begin ] --END-- [ RunTime:0.000573s ]
NOTIC: [2] stream_socket_client(): SSL operation failed with code 1. OpenSSL Error messages:
error:140770FC:SSL routines:SSL23_GET_SERVER_HELLO:unknown protocol /Applications/MAMP/htdocs/educate/ThinkPHP/Library/Vendor/PHPMailer/class.smtp.php 第 276 行.
NOTIC: [2] stream_socket_client(): Failed to enable crypto /Applications/MAMP/htdocs/educate/ThinkPHP/Library/Vendor/PHPMailer/class.smtp.php 第 276 行.
NOTIC: [2] stream_socket_client(): unable to connect to ssl://smtp.qq.com:25 (Unknown error) /Applications/MAMP/htdocs/educate/ThinkPHP/Library/Vendor/PHPMailer/class.smtp.php 第 276 行.
INFO: [ app_end ] --START--
INFO: Run Behavior\ShowPageTraceBehavior [ RunTime:0.000757s ]
INFO: [ app_end ] --END-- [ RunTime:0.000829s ]

[ 2017-06-05T00:37:37+08:00 ] ::1 /educate/index.php/email/index/
INFO: [ app_init ] --START--
INFO: Run Behavior\BuildLiteBehavior [ RunTime:0.000016s ]
INFO: [ app_init ] --END-- [ RunTime:0.000625s ]
INFO: [ app_begin ] --START--
INFO: Run Behavior\ReadHtmlCacheBehavior [ RunTime:0.000375s ]
INFO: [ app_begin ] --END-- [ RunTime:0.000426s ]
NOTIC: [2] stream_socket_client(): SSL operation failed with code 1. OpenSSL Error messages:
error:140770FC:SSL routines:SSL23_GET_SERVER_HELLO:unknown protocol /Applications/MAMP/htdocs/educate/ThinkPHP/Library/Vendor/PHPMailer/class.smtp.php 第 276 行.
NOTIC: [2] stream_socket_client(): Failed to enable crypto /Applications/MAMP/htdocs/educate/ThinkPHP/Library/Vendor/PHPMailer/class.smtp.php 第 276 行.
NOTIC: [2] stream_socket_client(): unable to connect to ssl://smtp.exmail.qq.com:25 (Unknown error) /Applications/MAMP/htdocs/educate/ThinkPHP/Library/Vendor/PHPMailer/class.smtp.php 第 276 行.
INFO: [ app_end ] --START--
INFO: Run Behavior\ShowPageTraceBehavior [ RunTime:0.000527s ]
INFO: [ app_end ] --END-- [ RunTime:0.000575s ]

[ 2017-06-05T00:37:41+08:00 ] ::1 /educate/index.php/email/index/
INFO: [ app_init ] --START--
INFO: Run Behavior\BuildLiteBehavior [ RunTime:0.000011s ]
INFO: [ app_init ] --END-- [ RunTime:0.000263s ]
INFO: [ app_begin ] --START--
INFO: Run Behavior\ReadHtmlCacheBehavior [ RunTime:0.000344s ]
INFO: [ app_begin ] --END-- [ RunTime:0.000380s ]
NOTIC: [2] stream_socket_client(): SSL operation failed with code 1. OpenSSL Error messages:
error:140770FC:SSL routines:SSL23_GET_SERVER_HELLO:unknown protocol /Applications/MAMP/htdocs/educate/ThinkPHP/Library/Vendor/PHPMailer/class.smtp.php 第 276 行.
NOTIC: [2] stream_socket_client(): Failed to enable crypto /Applications/MAMP/htdocs/educate/ThinkPHP/Library/Vendor/PHPMailer/class.smtp.php 第 276 行.
NOTIC: [2] stream_socket_client(): unable to connect to ssl://smtp.exmail.qq.com:25 (Unknown error) /Applications/MAMP/htdocs/educate/ThinkPHP/Library/Vendor/PHPMailer/class.smtp.php 第 276 行.
INFO: [ app_end ] --START--
INFO: Run Behavior\ShowPageTraceBehavior [ RunTime:0.000714s ]
INFO: [ app_end ] --END-- [ RunTime:0.000802s ]

[ 2017-06-05T00:37:43+08:00 ] ::1 /educate/index.php/email/index/
INFO: [ app_init ] --START--
INFO: Run Behavior\BuildLiteBehavior [ RunTime:0.000011s ]
INFO: [ app_init ] --END-- [ RunTime:0.000271s ]
INFO: [ app_begin ] --START--
INFO: Run Behavior\ReadHtmlCacheBehavior [ RunTime:0.000549s ]
INFO: [ app_begin ] --END-- [ RunTime:0.000608s ]
NOTIC: [2] stream_socket_client(): SSL operation failed with code 1. OpenSSL Error messages:
error:140770FC:SSL routines:SSL23_GET_SERVER_HELLO:unknown protocol /Applications/MAMP/htdocs/educate/ThinkPHP/Library/Vendor/PHPMailer/class.smtp.php 第 276 行.
NOTIC: [2] stream_socket_client(): Failed to enable crypto /Applications/MAMP/htdocs/educate/ThinkPHP/Library/Vendor/PHPMailer/class.smtp.php 第 276 行.
NOTIC: [2] stream_socket_client(): unable to connect to ssl://smtp.exmail.qq.com:25 (Unknown error) /Applications/MAMP/htdocs/educate/ThinkPHP/Library/Vendor/PHPMailer/class.smtp.php 第 276 行.
INFO: [ app_end ] --START--
INFO: Run Behavior\ShowPageTraceBehavior [ RunTime:0.000802s ]
INFO: [ app_end ] --END-- [ RunTime:0.000877s ]

[ 2017-06-05T00:50:24+08:00 ] ::1 /educate/index.php/email/index/
INFO: [ app_init ] --START--
INFO: Run Behavior\BuildLiteBehavior [ RunTime:0.000018s ]
INFO: [ app_init ] --END-- [ RunTime:0.000466s ]
INFO: [ app_begin ] --START--
INFO: Run Behavior\ReadHtmlCacheBehavior [ RunTime:0.000492s ]
INFO: [ app_begin ] --END-- [ RunTime:0.000552s ]
NOTIC: [2] stream_socket_client(): SSL operation failed with code 1. OpenSSL Error messages:
error:140770FC:SSL routines:SSL23_GET_SERVER_HELLO:unknown protocol /Applications/MAMP/htdocs/educate/ThinkPHP/Library/Vendor/PHPMailer/class.smtp.php 第 276 行.
NOTIC: [2] stream_socket_client(): Failed to enable crypto /Applications/MAMP/htdocs/educate/ThinkPHP/Library/Vendor/PHPMailer/class.smtp.php 第 276 行.
NOTIC: [2] stream_socket_client(): unable to connect to ssl://smtp.qq.com:25 (Unknown error) /Applications/MAMP/htdocs/educate/ThinkPHP/Library/Vendor/PHPMailer/class.smtp.php 第 276 行.
INFO: [ app_end ] --START--
INFO: Run Behavior\ShowPageTraceBehavior [ RunTime:0.000553s ]
INFO: [ app_end ] --END-- [ RunTime:0.000615s ]

[ 2017-06-05T00:50:35+08:00 ] ::1 /educate/index.php/email/index/
INFO: [ app_init ] --START--
INFO: Run Behavior\BuildLiteBehavior [ RunTime:0.000010s ]
INFO: [ app_init ] --END-- [ RunTime:0.000266s ]
INFO: [ app_begin ] --START--
INFO: Run Behavior\ReadHtmlCacheBehavior [ RunTime:0.000375s ]
INFO: [ app_begin ] --END-- [ RunTime:0.000417s ]
NOTIC: [2] stream_socket_client(): SSL operation failed with code 1. OpenSSL Error messages:
error:140770FC:SSL routines:SSL23_GET_SERVER_HELLO:unknown protocol /Applications/MAMP/htdocs/educate/ThinkPHP/Library/Vendor/PHPMailer/class.smtp.php 第 276 行.
NOTIC: [2] stream_socket_client(): Failed to enable crypto /Applications/MAMP/htdocs/educate/ThinkPHP/Library/Vendor/PHPMailer/class.smtp.php 第 276 行.
NOTIC: [2] stream_socket_client(): unable to connect to ssl://smtp.exmail.qq.com:25 (Unknown error) /Applications/MAMP/htdocs/educate/ThinkPHP/Library/Vendor/PHPMailer/class.smtp.php 第 276 行.
INFO: [ app_end ] --START--
INFO: Run Behavior\ShowPageTraceBehavior [ RunTime:0.000524s ]
INFO: [ app_end ] --END-- [ RunTime:0.000571s ]

[ 2017-06-05T00:57:13+08:00 ] ::1 /educate/index.php/email/index/
INFO: [ app_init ] --START--
INFO: Run Behavior\BuildLiteBehavior [ RunTime:0.000015s ]
INFO: [ app_init ] --END-- [ RunTime:0.000402s ]
INFO: [ app_begin ] --START--
INFO: Run Behavior\ReadHtmlCacheBehavior [ RunTime:0.000427s ]
INFO: [ app_begin ] --END-- [ RunTime:0.000479s ]
NOTIC: [2] stream_socket_client(): SSL operation failed with code 1. OpenSSL Error messages:
error:140770FC:SSL routines:SSL23_GET_SERVER_HELLO:unknown protocol /Applications/MAMP/htdocs/educate/ThinkPHP/Library/Vendor/PHPMailer/class.smtp.php 第 276 行.
NOTIC: [2] stream_socket_client(): Failed to enable crypto /Applications/MAMP/htdocs/educate/ThinkPHP/Library/Vendor/PHPMailer/class.smtp.php 第 276 行.
NOTIC: [2] stream_socket_client(): unable to connect to ssl://smtp.qq.com:25 (Unknown error) /Applications/MAMP/htdocs/educate/ThinkPHP/Library/Vendor/PHPMailer/class.smtp.php 第 276 行.
INFO: [ app_end ] --START--
INFO: Run Behavior\ShowPageTraceBehavior [ RunTime:0.000520s ]
INFO: [ app_end ] --END-- [ RunTime:0.000568s ]

[ 2017-06-05T00:59:04+08:00 ] ::1 /educate/index.php/email/index/
INFO: [ app_init ] --START--
INFO: Run Behavior\BuildLiteBehavior [ RunTime:0.000010s ]
INFO: [ app_init ] --END-- [ RunTime:0.000264s ]
INFO: [ app_begin ] --START--
INFO: Run Behavior\ReadHtmlCacheBehavior [ RunTime:0.000343s ]
INFO: [ app_begin ] --END-- [ RunTime:0.000377s ]
NOTIC: [2] stream_socket_client(): SSL operation failed with code 1. OpenSSL Error messages:
error:140770FC:SSL routines:SSL23_GET_SERVER_HELLO:unknown protocol /Applications/MAMP/htdocs/educate/ThinkPHP/Library/Vendor/PHPMailer/class.smtp.php 第 276 行.
NOTIC: [2] stream_socket_client(): Failed to enable crypto /Applications/MAMP/htdocs/educate/ThinkPHP/Library/Vendor/PHPMailer/class.smtp.php 第 276 行.
NOTIC: [2] stream_socket_client(): unable to connect to ssl://smtp.qq.com:25 (Unknown error) /Applications/MAMP/htdocs/educate/ThinkPHP/Library/Vendor/PHPMailer/class.smtp.php 第 276 行.
INFO: [ app_end ] --START--
INFO: Run Behavior\ShowPageTraceBehavior [ RunTime:0.000597s ]
INFO: [ app_end ] --END-- [ RunTime:0.000646s ]

[ 2017-06-05T00:59:07+08:00 ] ::1 /educate/index.php/email/index/
INFO: [ app_init ] --START--
INFO: Run Behavior\BuildLiteBehavior [ RunTime:0.000012s ]
INFO: [ app_init ] --END-- [ RunTime:0.000339s ]
INFO: [ app_begin ] --START--
INFO: Run Behavior\ReadHtmlCacheBehavior [ RunTime:0.000470s ]
INFO: [ app_begin ] --END-- [ RunTime:0.000522s ]
NOTIC: [2] stream_socket_client(): SSL operation failed with code 1. OpenSSL Error messages:
error:140770FC:SSL routines:SSL23_GET_SERVER_HELLO:unknown protocol /Applications/MAMP/htdocs/educate/ThinkPHP/Library/Vendor/PHPMailer/class.smtp.php 第 276 行.
NOTIC: [2] stream_socket_client(): Failed to enable crypto /Applications/MAMP/htdocs/educate/ThinkPHP/Library/Vendor/PHPMailer/class.smtp.php 第 276 行.
NOTIC: [2] stream_socket_client(): unable to connect to ssl://smtp.qq.com:25 (Unknown error) /Applications/MAMP/htdocs/educate/ThinkPHP/Library/Vendor/PHPMailer/class.smtp.php 第 276 行.
INFO: [ app_end ] --START--
INFO: Run Behavior\ShowPageTraceBehavior [ RunTime:0.000526s ]
INFO: [ app_end ] --END-- [ RunTime:0.000573s ]

[ 2017-06-05T00:59:13+08:00 ] ::1 /educate/index.php/email/index/
INFO: [ app_init ] --START--
INFO: Run Behavior\BuildLiteBehavior [ RunTime:0.000010s ]
INFO: [ app_init ] --END-- [ RunTime:0.000265s ]
INFO: [ app_begin ] --START--
INFO: Run Behavior\ReadHtmlCacheBehavior [ RunTime:0.000340s ]
INFO: [ app_begin ] --END-- [ RunTime:0.000376s ]
NOTIC: [2] stream_socket_client(): SSL operation failed with code 1. OpenSSL Error messages:
error:140770FC:SSL routines:SSL23_GET_SERVER_HELLO:unknown protocol /Applications/MAMP/htdocs/educate/ThinkPHP/Library/Vendor/PHPMailer/class.smtp.php 第 276 行.
NOTIC: [2] stream_socket_client(): Failed to enable crypto /Applications/MAMP/htdocs/educate/ThinkPHP/Library/Vendor/PHPMailer/class.smtp.php 第 276 行.
NOTIC: [2] stream_socket_client(): unable to connect to ssl://smtp.qq.com:25 (Unknown error) /Applications/MAMP/htdocs/educate/ThinkPHP/Library/Vendor/PHPMailer/class.smtp.php 第 276 行.
INFO: [ app_end ] --START--
INFO: Run Behavior\ShowPageTraceBehavior [ RunTime:0.000822s ]
INFO: [ app_end ] --END-- [ RunTime:0.000916s ]

[ 2017-06-05T00:59:31+08:00 ] ::1 /educate/index.php/email/index/
INFO: [ app_init ] --START--
INFO: Run Behavior\BuildLiteBehavior [ RunTime:0.000018s ]
INFO: [ app_init ] --END-- [ RunTime:0.000350s ]
INFO: [ app_begin ] --START--
INFO: Run Behavior\ReadHtmlCacheBehavior [ RunTime:0.000608s ]
INFO: [ app_begin ] --END-- [ RunTime:0.000704s ]
NOTIC: [2] stream_socket_client(): SSL operation failed with code 1. OpenSSL Error messages:
error:140770FC:SSL routines:SSL23_GET_SERVER_HELLO:unknown protocol /Applications/MAMP/htdocs/educate/ThinkPHP/Library/Vendor/PHPMailer/class.smtp.php 第 276 行.
NOTIC: [2] stream_socket_client(): Failed to enable crypto /Applications/MAMP/htdocs/educate/ThinkPHP/Library/Vendor/PHPMailer/class.smtp.php 第 276 行.
NOTIC: [2] stream_socket_client(): unable to connect to ssl://smtp.qq.com:25 (Unknown error) /Applications/MAMP/htdocs/educate/ThinkPHP/Library/Vendor/PHPMailer/class.smtp.php 第 276 行.
INFO: [ app_end ] --START--
INFO: Run Behavior\ShowPageTraceBehavior [ RunTime:0.000604s ]
INFO: [ app_end ] --END-- [ RunTime:0.000654s ]

[ 2017-06-05T00:59:34+08:00 ] ::1 /educate/index.php/email/index/
INFO: [ app_init ] --START--
INFO: Run Behavior\BuildLiteBehavior [ RunTime:0.000012s ]
INFO: [ app_init ] --END-- [ RunTime:0.000276s ]
INFO: [ app_begin ] --START--
INFO: Run Behavior\ReadHtmlCacheBehavior [ RunTime:0.000353s ]
INFO: [ app_begin ] --END-- [ RunTime:0.000390s ]
NOTIC: [2] stream_socket_client(): SSL operation failed with code 1. OpenSSL Error messages:
error:140770FC:SSL routines:SSL23_GET_SERVER_HELLO:unknown protocol /Applications/MAMP/htdocs/educate/ThinkPHP/Library/Vendor/PHPMailer/class.smtp.php 第 276 行.
NOTIC: [2] stream_socket_client(): Failed to enable crypto /Applications/MAMP/htdocs/educate/ThinkPHP/Library/Vendor/PHPMailer/class.smtp.php 第 276 行.
NOTIC: [2] stream_socket_client(): unable to connect to ssl://smtp.qq.com:25 (Unknown error) /Applications/MAMP/htdocs/educate/ThinkPHP/Library/Vendor/PHPMailer/class.smtp.php 第 276 行.
INFO: [ app_end ] --START--
INFO: Run Behavior\ShowPageTraceBehavior [ RunTime:0.000547s ]
INFO: [ app_end ] --END-- [ RunTime:0.000600s ]

[ 2017-06-05T01:00:05+08:00 ] ::1 /educate/index.php/email/index/
INFO: [ app_init ] --START--
INFO: Run Behavior\BuildLiteBehavior [ RunTime:0.000012s ]
INFO: [ app_init ] --END-- [ RunTime:0.000320s ]
INFO: [ app_begin ] --START--
INFO: Run Behavior\ReadHtmlCacheBehavior [ RunTime:0.000462s ]
INFO: [ app_begin ] --END-- [ RunTime:0.000514s ]
NOTIC: [2] stream_socket_client(): SSL operation failed with code 1. OpenSSL Error messages:
error:140770FC:SSL routines:SSL23_GET_SERVER_HELLO:unknown protocol /Applications/MAMP/htdocs/educate/ThinkPHP/Library/Vendor/PHPMailer/class.smtp.php 第 276 行.
NOTIC: [2] stream_socket_client(): Failed to enable crypto /Applications/MAMP/htdocs/educate/ThinkPHP/Library/Vendor/PHPMailer/class.smtp.php 第 276 行.
NOTIC: [2] stream_socket_client(): unable to connect to ssl://smtp.qq.com:25 (Unknown error) /Applications/MAMP/htdocs/educate/ThinkPHP/Library/Vendor/PHPMailer/class.smtp.php 第 276 行.
INFO: [ app_end ] --START--
INFO: Run Behavior\ShowPageTraceBehavior [ RunTime:0.000682s ]
INFO: [ app_end ] --END-- [ RunTime:0.000735s ]

